2020-05-09 15:59:22,460 DEBUG    root            Metrics collector initialized...
2020-05-09 15:59:22,463 DEBUG    root            Loaded Command Group: [u'gcloud', u'components']
2020-05-09 15:59:22,467 DEBUG    root            Loaded Command Group: [u'gcloud', u'components', u'list']
2020-05-09 15:59:22,470 DEBUG    root            Running [gcloud.components.list] with arguments: [--quiet: "True"]
2020-05-09 15:59:22,687 INFO     ___FILE_ONLY___ 
Your current Cloud SDK version is: 291.0.0

2020-05-09 15:59:22,687 INFO     ___FILE_ONLY___ The latest available version is: 291.0.0

2020-05-09 15:59:22,687 INFO     ___FILE_ONLY___ 

2020-05-09 15:59:22,689 INFO     root            Display format: "table[box,title="Components"](state.name:label=Status,name:label=Name,id:label=ID,size.size(zero="",min=1048576):label=Size:align=right)"
2020-05-09 15:59:22,696 INFO     ___FILE_ONLY___ ┌────────────────────────────────────────────────────────────────────────────────────────────────────────────┐
2020-05-09 15:59:22,696 INFO     ___FILE_ONLY___ 

2020-05-09 15:59:22,696 INFO     ___FILE_ONLY___ │                                                 Components                                                 │
2020-05-09 15:59:22,696 INFO     ___FILE_ONLY___ 

2020-05-09 15:59:22,696 INFO     ___FILE_ONLY___ ├───────────────┬──────────────────────────────────────────────────────┬──────────────────────────┬──────────┤
2020-05-09 15:59:22,696 INFO     ___FILE_ONLY___ 

2020-05-09 15:59:22,696 INFO     ___FILE_ONLY___ │     Status    │                         Name                         │            ID            │   Size   │
2020-05-09 15:59:22,696 INFO     ___FILE_ONLY___ 

2020-05-09 15:59:22,696 INFO     ___FILE_ONLY___ ├───────────────┼──────────────────────────────────────────────────────┼──────────────────────────┼──────────┤
2020-05-09 15:59:22,696 INFO     ___FILE_ONLY___ 

2020-05-09 15:59:22,697 INFO     ___FILE_ONLY___ │ 
2020-05-09 15:59:22,697 INFO     ___FILE_ONLY___ Not Installed
2020-05-09 15:59:22,697 INFO     ___FILE_ONLY___  
2020-05-09 15:59:22,697 INFO     ___FILE_ONLY___ │ 
2020-05-09 15:59:22,697 INFO     ___FILE_ONLY___ App Engine Go Extensions                            
2020-05-09 15:59:22,697 INFO     ___FILE_ONLY___  
2020-05-09 15:59:22,697 INFO     ___FILE_ONLY___ │ 
2020-05-09 15:59:22,697 INFO     ___FILE_ONLY___ app-engine-go           
2020-05-09 15:59:22,697 INFO     ___FILE_ONLY___  
2020-05-09 15:59:22,697 INFO     ___FILE_ONLY___ │ 
2020-05-09 15:59:22,697 INFO     ___FILE_ONLY___  4.9 MiB
2020-05-09 15:59:22,697 INFO     ___FILE_ONLY___  
2020-05-09 15:59:22,698 INFO     ___FILE_ONLY___ │
2020-05-09 15:59:22,698 INFO     ___FILE_ONLY___ 

2020-05-09 15:59:22,698 INFO     ___FILE_ONLY___ │ 
2020-05-09 15:59:22,698 INFO     ___FILE_ONLY___ Not Installed
2020-05-09 15:59:22,698 INFO     ___FILE_ONLY___  
2020-05-09 15:59:22,698 INFO     ___FILE_ONLY___ │ 
2020-05-09 15:59:22,698 INFO     ___FILE_ONLY___ Appctl                                              
2020-05-09 15:59:22,698 INFO     ___FILE_ONLY___  
2020-05-09 15:59:22,698 INFO     ___FILE_ONLY___ │ 
2020-05-09 15:59:22,698 INFO     ___FILE_ONLY___ appctl                  
2020-05-09 15:59:22,698 INFO     ___FILE_ONLY___  
2020-05-09 15:59:22,698 INFO     ___FILE_ONLY___ │ 
2020-05-09 15:59:22,698 INFO     ___FILE_ONLY___ 20.0 MiB
2020-05-09 15:59:22,699 INFO     ___FILE_ONLY___  
2020-05-09 15:59:22,699 INFO     ___FILE_ONLY___ │
2020-05-09 15:59:22,699 INFO     ___FILE_ONLY___ 

2020-05-09 15:59:22,699 INFO     ___FILE_ONLY___ │ 
2020-05-09 15:59:22,699 INFO     ___FILE_ONLY___ Not Installed
2020-05-09 15:59:22,699 INFO     ___FILE_ONLY___  
2020-05-09 15:59:22,699 INFO     ___FILE_ONLY___ │ 
2020-05-09 15:59:22,699 INFO     ___FILE_ONLY___ Cloud Bigtable Command Line Tool                    
2020-05-09 15:59:22,699 INFO     ___FILE_ONLY___  
2020-05-09 15:59:22,700 INFO     ___FILE_ONLY___ │ 
2020-05-09 15:59:22,700 INFO     ___FILE_ONLY___ cbt                     
2020-05-09 15:59:22,700 INFO     ___FILE_ONLY___  
2020-05-09 15:59:22,700 INFO     ___FILE_ONLY___ │ 
2020-05-09 15:59:22,700 INFO     ___FILE_ONLY___  7.7 MiB
2020-05-09 15:59:22,700 INFO     ___FILE_ONLY___  
2020-05-09 15:59:22,700 INFO     ___FILE_ONLY___ │
2020-05-09 15:59:22,700 INFO     ___FILE_ONLY___ 

2020-05-09 15:59:22,700 INFO     ___FILE_ONLY___ │ 
2020-05-09 15:59:22,700 INFO     ___FILE_ONLY___ Not Installed
2020-05-09 15:59:22,700 INFO     ___FILE_ONLY___  
2020-05-09 15:59:22,700 INFO     ___FILE_ONLY___ │ 
2020-05-09 15:59:22,701 INFO     ___FILE_ONLY___ Cloud Bigtable Emulator                             
2020-05-09 15:59:22,701 INFO     ___FILE_ONLY___  
2020-05-09 15:59:22,701 INFO     ___FILE_ONLY___ │ 
2020-05-09 15:59:22,701 INFO     ___FILE_ONLY___ bigtable                
2020-05-09 15:59:22,701 INFO     ___FILE_ONLY___  
2020-05-09 15:59:22,701 INFO     ___FILE_ONLY___ │ 
2020-05-09 15:59:22,701 INFO     ___FILE_ONLY___  6.6 MiB
2020-05-09 15:59:22,701 INFO     ___FILE_ONLY___  
2020-05-09 15:59:22,701 INFO     ___FILE_ONLY___ │
2020-05-09 15:59:22,701 INFO     ___FILE_ONLY___ 

2020-05-09 15:59:22,701 INFO     ___FILE_ONLY___ │ 
2020-05-09 15:59:22,701 INFO     ___FILE_ONLY___ Not Installed
2020-05-09 15:59:22,702 INFO     ___FILE_ONLY___  
2020-05-09 15:59:22,702 INFO     ___FILE_ONLY___ │ 
2020-05-09 15:59:22,702 INFO     ___FILE_ONLY___ Cloud Datalab Command Line Tool                     
2020-05-09 15:59:22,702 INFO     ___FILE_ONLY___  
2020-05-09 15:59:22,702 INFO     ___FILE_ONLY___ │ 
2020-05-09 15:59:22,702 INFO     ___FILE_ONLY___ datalab                 
2020-05-09 15:59:22,702 INFO     ___FILE_ONLY___  
2020-05-09 15:59:22,702 INFO     ___FILE_ONLY___ │ 
2020-05-09 15:59:22,702 INFO     ___FILE_ONLY___  < 1 MiB
2020-05-09 15:59:22,702 INFO     ___FILE_ONLY___  
2020-05-09 15:59:22,702 INFO     ___FILE_ONLY___ │
2020-05-09 15:59:22,702 INFO     ___FILE_ONLY___ 

2020-05-09 15:59:22,702 INFO     ___FILE_ONLY___ │ 
2020-05-09 15:59:22,703 INFO     ___FILE_ONLY___ Not Installed
2020-05-09 15:59:22,703 INFO     ___FILE_ONLY___  
2020-05-09 15:59:22,703 INFO     ___FILE_ONLY___ │ 
2020-05-09 15:59:22,703 INFO     ___FILE_ONLY___ Cloud Datastore Emulator                            
2020-05-09 15:59:22,703 INFO     ___FILE_ONLY___  
2020-05-09 15:59:22,703 INFO     ___FILE_ONLY___ │ 
2020-05-09 15:59:22,703 INFO     ___FILE_ONLY___ cloud-datastore-emulator
2020-05-09 15:59:22,703 INFO     ___FILE_ONLY___  
2020-05-09 15:59:22,703 INFO     ___FILE_ONLY___ │ 
2020-05-09 15:59:22,703 INFO     ___FILE_ONLY___ 18.4 MiB
2020-05-09 15:59:22,703 INFO     ___FILE_ONLY___  
2020-05-09 15:59:22,703 INFO     ___FILE_ONLY___ │
2020-05-09 15:59:22,704 INFO     ___FILE_ONLY___ 

2020-05-09 15:59:22,704 INFO     ___FILE_ONLY___ │ 
2020-05-09 15:59:22,704 INFO     ___FILE_ONLY___ Not Installed
2020-05-09 15:59:22,704 INFO     ___FILE_ONLY___  
2020-05-09 15:59:22,704 INFO     ___FILE_ONLY___ │ 
2020-05-09 15:59:22,704 INFO     ___FILE_ONLY___ Cloud Firestore Emulator                            
2020-05-09 15:59:22,704 INFO     ___FILE_ONLY___  
2020-05-09 15:59:22,704 INFO     ___FILE_ONLY___ │ 
2020-05-09 15:59:22,704 INFO     ___FILE_ONLY___ cloud-firestore-emulator
2020-05-09 15:59:22,704 INFO     ___FILE_ONLY___  
2020-05-09 15:59:22,704 INFO     ___FILE_ONLY___ │ 
2020-05-09 15:59:22,704 INFO     ___FILE_ONLY___ 40.4 MiB
2020-05-09 15:59:22,704 INFO     ___FILE_ONLY___  
2020-05-09 15:59:22,705 INFO     ___FILE_ONLY___ │
2020-05-09 15:59:22,705 INFO     ___FILE_ONLY___ 

2020-05-09 15:59:22,705 INFO     ___FILE_ONLY___ │ 
2020-05-09 15:59:22,705 INFO     ___FILE_ONLY___ Not Installed
2020-05-09 15:59:22,705 INFO     ___FILE_ONLY___  
2020-05-09 15:59:22,705 INFO     ___FILE_ONLY___ │ 
2020-05-09 15:59:22,705 INFO     ___FILE_ONLY___ Cloud Pub/Sub Emulator                              
2020-05-09 15:59:22,705 INFO     ___FILE_ONLY___  
2020-05-09 15:59:22,705 INFO     ___FILE_ONLY___ │ 
2020-05-09 15:59:22,705 INFO     ___FILE_ONLY___ pubsub-emulator         
2020-05-09 15:59:22,705 INFO     ___FILE_ONLY___  
2020-05-09 15:59:22,705 INFO     ___FILE_ONLY___ │ 
2020-05-09 15:59:22,705 INFO     ___FILE_ONLY___ 34.9 MiB
2020-05-09 15:59:22,706 INFO     ___FILE_ONLY___  
2020-05-09 15:59:22,706 INFO     ___FILE_ONLY___ │
2020-05-09 15:59:22,706 INFO     ___FILE_ONLY___ 

2020-05-09 15:59:22,706 INFO     ___FILE_ONLY___ │ 
2020-05-09 15:59:22,706 INFO     ___FILE_ONLY___ Not Installed
2020-05-09 15:59:22,706 INFO     ___FILE_ONLY___  
2020-05-09 15:59:22,706 INFO     ___FILE_ONLY___ │ 
2020-05-09 15:59:22,706 INFO     ___FILE_ONLY___ Cloud SQL Proxy                                     
2020-05-09 15:59:22,706 INFO     ___FILE_ONLY___  
2020-05-09 15:59:22,706 INFO     ___FILE_ONLY___ │ 
2020-05-09 15:59:22,706 INFO     ___FILE_ONLY___ cloud_sql_proxy         
2020-05-09 15:59:22,706 INFO     ___FILE_ONLY___  
2020-05-09 15:59:22,706 INFO     ___FILE_ONLY___ │ 
2020-05-09 15:59:22,707 INFO     ___FILE_ONLY___  3.8 MiB
2020-05-09 15:59:22,707 INFO     ___FILE_ONLY___  
2020-05-09 15:59:22,707 INFO     ___FILE_ONLY___ │
2020-05-09 15:59:22,707 INFO     ___FILE_ONLY___ 

2020-05-09 15:59:22,707 INFO     ___FILE_ONLY___ │ 
2020-05-09 15:59:22,707 INFO     ___FILE_ONLY___ Not Installed
2020-05-09 15:59:22,707 INFO     ___FILE_ONLY___  
2020-05-09 15:59:22,707 INFO     ___FILE_ONLY___ │ 
2020-05-09 15:59:22,707 INFO     ___FILE_ONLY___ Cloud Spanner Emulator                              
2020-05-09 15:59:22,707 INFO     ___FILE_ONLY___  
2020-05-09 15:59:22,707 INFO     ___FILE_ONLY___ │ 
2020-05-09 15:59:22,707 INFO     ___FILE_ONLY___ cloud-spanner-emulator  
2020-05-09 15:59:22,707 INFO     ___FILE_ONLY___  
2020-05-09 15:59:22,707 INFO     ___FILE_ONLY___ │ 
2020-05-09 15:59:22,708 INFO     ___FILE_ONLY___ 21.3 MiB
2020-05-09 15:59:22,708 INFO     ___FILE_ONLY___  
2020-05-09 15:59:22,708 INFO     ___FILE_ONLY___ │
2020-05-09 15:59:22,708 INFO     ___FILE_ONLY___ 

2020-05-09 15:59:22,708 INFO     ___FILE_ONLY___ │ 
2020-05-09 15:59:22,708 INFO     ___FILE_ONLY___ Not Installed
2020-05-09 15:59:22,708 INFO     ___FILE_ONLY___  
2020-05-09 15:59:22,708 INFO     ___FILE_ONLY___ │ 
2020-05-09 15:59:22,708 INFO     ___FILE_ONLY___ Emulator Reverse Proxy                              
2020-05-09 15:59:22,708 INFO     ___FILE_ONLY___  
2020-05-09 15:59:22,708 INFO     ___FILE_ONLY___ │ 
2020-05-09 15:59:22,708 INFO     ___FILE_ONLY___ emulator-reverse-proxy  
2020-05-09 15:59:22,708 INFO     ___FILE_ONLY___  
2020-05-09 15:59:22,709 INFO     ___FILE_ONLY___ │ 
2020-05-09 15:59:22,709 INFO     ___FILE_ONLY___ 14.5 MiB
2020-05-09 15:59:22,709 INFO     ___FILE_ONLY___  
2020-05-09 15:59:22,709 INFO     ___FILE_ONLY___ │
2020-05-09 15:59:22,709 INFO     ___FILE_ONLY___ 

2020-05-09 15:59:22,709 INFO     ___FILE_ONLY___ │ 
2020-05-09 15:59:22,709 INFO     ___FILE_ONLY___ Not Installed
2020-05-09 15:59:22,709 INFO     ___FILE_ONLY___  
2020-05-09 15:59:22,709 INFO     ___FILE_ONLY___ │ 
2020-05-09 15:59:22,709 INFO     ___FILE_ONLY___ Google Cloud Build Local Builder                    
2020-05-09 15:59:22,709 INFO     ___FILE_ONLY___  
2020-05-09 15:59:22,709 INFO     ___FILE_ONLY___ │ 
2020-05-09 15:59:22,709 INFO     ___FILE_ONLY___ cloud-build-local       
2020-05-09 15:59:22,710 INFO     ___FILE_ONLY___  
2020-05-09 15:59:22,710 INFO     ___FILE_ONLY___ │ 
2020-05-09 15:59:22,710 INFO     ___FILE_ONLY___  6.0 MiB
2020-05-09 15:59:22,710 INFO     ___FILE_ONLY___  
2020-05-09 15:59:22,710 INFO     ___FILE_ONLY___ │
2020-05-09 15:59:22,710 INFO     ___FILE_ONLY___ 

2020-05-09 15:59:22,710 INFO     ___FILE_ONLY___ │ 
2020-05-09 15:59:22,710 INFO     ___FILE_ONLY___ Not Installed
2020-05-09 15:59:22,710 INFO     ___FILE_ONLY___  
2020-05-09 15:59:22,710 INFO     ___FILE_ONLY___ │ 
2020-05-09 15:59:22,710 INFO     ___FILE_ONLY___ Google Container Registry's Docker credential helper
2020-05-09 15:59:22,710 INFO     ___FILE_ONLY___  
2020-05-09 15:59:22,710 INFO     ___FILE_ONLY___ │ 
2020-05-09 15:59:22,710 INFO     ___FILE_ONLY___ docker-credential-gcr   
2020-05-09 15:59:22,711 INFO     ___FILE_ONLY___  
2020-05-09 15:59:22,711 INFO     ___FILE_ONLY___ │ 
2020-05-09 15:59:22,711 INFO     ___FILE_ONLY___  1.8 MiB
2020-05-09 15:59:22,711 INFO     ___FILE_ONLY___  
2020-05-09 15:59:22,711 INFO     ___FILE_ONLY___ │
2020-05-09 15:59:22,711 INFO     ___FILE_ONLY___ 

2020-05-09 15:59:22,711 INFO     ___FILE_ONLY___ │ 
2020-05-09 15:59:22,711 INFO     ___FILE_ONLY___ Not Installed
2020-05-09 15:59:22,711 INFO     ___FILE_ONLY___  
2020-05-09 15:59:22,711 INFO     ___FILE_ONLY___ │ 
2020-05-09 15:59:22,711 INFO     ___FILE_ONLY___ Kind                                                
2020-05-09 15:59:22,711 INFO     ___FILE_ONLY___  
2020-05-09 15:59:22,711 INFO     ___FILE_ONLY___ │ 
2020-05-09 15:59:22,712 INFO     ___FILE_ONLY___ kind                    
2020-05-09 15:59:22,712 INFO     ___FILE_ONLY___  
2020-05-09 15:59:22,712 INFO     ___FILE_ONLY___ │ 
2020-05-09 15:59:22,712 INFO     ___FILE_ONLY___  4.5 MiB
2020-05-09 15:59:22,712 INFO     ___FILE_ONLY___  
2020-05-09 15:59:22,712 INFO     ___FILE_ONLY___ │
2020-05-09 15:59:22,712 INFO     ___FILE_ONLY___ 

2020-05-09 15:59:22,712 INFO     ___FILE_ONLY___ │ 
2020-05-09 15:59:22,712 INFO     ___FILE_ONLY___ Not Installed
2020-05-09 15:59:22,712 INFO     ___FILE_ONLY___  
2020-05-09 15:59:22,712 INFO     ___FILE_ONLY___ │ 
2020-05-09 15:59:22,712 INFO     ___FILE_ONLY___ Minikube                                            
2020-05-09 15:59:22,712 INFO     ___FILE_ONLY___  
2020-05-09 15:59:22,712 INFO     ___FILE_ONLY___ │ 
2020-05-09 15:59:22,713 INFO     ___FILE_ONLY___ minikube                
2020-05-09 15:59:22,713 INFO     ___FILE_ONLY___  
2020-05-09 15:59:22,713 INFO     ___FILE_ONLY___ │ 
2020-05-09 15:59:22,713 INFO     ___FILE_ONLY___ 22.1 MiB
2020-05-09 15:59:22,713 INFO     ___FILE_ONLY___  
2020-05-09 15:59:22,713 INFO     ___FILE_ONLY___ │
2020-05-09 15:59:22,713 INFO     ___FILE_ONLY___ 

2020-05-09 15:59:22,713 INFO     ___FILE_ONLY___ │ 
2020-05-09 15:59:22,713 INFO     ___FILE_ONLY___ Not Installed
2020-05-09 15:59:22,713 INFO     ___FILE_ONLY___  
2020-05-09 15:59:22,713 INFO     ___FILE_ONLY___ │ 
2020-05-09 15:59:22,713 INFO     ___FILE_ONLY___ Skaffold                                            
2020-05-09 15:59:22,714 INFO     ___FILE_ONLY___  
2020-05-09 15:59:22,714 INFO     ___FILE_ONLY___ │ 
2020-05-09 15:59:22,714 INFO     ___FILE_ONLY___ skaffold                
2020-05-09 15:59:22,714 INFO     ___FILE_ONLY___  
2020-05-09 15:59:22,714 INFO     ___FILE_ONLY___ │ 
2020-05-09 15:59:22,714 INFO     ___FILE_ONLY___ 12.0 MiB
2020-05-09 15:59:22,714 INFO     ___FILE_ONLY___  
2020-05-09 15:59:22,714 INFO     ___FILE_ONLY___ │
2020-05-09 15:59:22,714 INFO     ___FILE_ONLY___ 

2020-05-09 15:59:22,714 INFO     ___FILE_ONLY___ │ 
2020-05-09 15:59:22,714 INFO     ___FILE_ONLY___ Not Installed
2020-05-09 15:59:22,714 INFO     ___FILE_ONLY___  
2020-05-09 15:59:22,714 INFO     ___FILE_ONLY___ │ 
2020-05-09 15:59:22,714 INFO     ___FILE_ONLY___ anthos-auth                                         
2020-05-09 15:59:22,715 INFO     ___FILE_ONLY___  
2020-05-09 15:59:22,715 INFO     ___FILE_ONLY___ │ 
2020-05-09 15:59:22,715 INFO     ___FILE_ONLY___ anthos-auth             
2020-05-09 15:59:22,715 INFO     ___FILE_ONLY___  
2020-05-09 15:59:22,715 INFO     ___FILE_ONLY___ │ 
2020-05-09 15:59:22,715 INFO     ___FILE_ONLY___  8.7 MiB
2020-05-09 15:59:22,715 INFO     ___FILE_ONLY___  
2020-05-09 15:59:22,715 INFO     ___FILE_ONLY___ │
2020-05-09 15:59:22,715 INFO     ___FILE_ONLY___ 

2020-05-09 15:59:22,716 INFO     ___FILE_ONLY___ │ 
2020-05-09 15:59:22,716 INFO     ___FILE_ONLY___ Not Installed
2020-05-09 15:59:22,716 INFO     ___FILE_ONLY___  
2020-05-09 15:59:22,716 INFO     ___FILE_ONLY___ │ 
2020-05-09 15:59:22,716 INFO     ___FILE_ONLY___ gcloud Alpha Commands                               
2020-05-09 15:59:22,716 INFO     ___FILE_ONLY___  
2020-05-09 15:59:22,716 INFO     ___FILE_ONLY___ │ 
2020-05-09 15:59:22,716 INFO     ___FILE_ONLY___ alpha                   
2020-05-09 15:59:22,716 INFO     ___FILE_ONLY___  
2020-05-09 15:59:22,717 INFO     ___FILE_ONLY___ │ 
2020-05-09 15:59:22,717 INFO     ___FILE_ONLY___  < 1 MiB
2020-05-09 15:59:22,717 INFO     ___FILE_ONLY___  
2020-05-09 15:59:22,717 INFO     ___FILE_ONLY___ │
2020-05-09 15:59:22,717 INFO     ___FILE_ONLY___ 

2020-05-09 15:59:22,717 INFO     ___FILE_ONLY___ │ 
2020-05-09 15:59:22,717 INFO     ___FILE_ONLY___ Not Installed
2020-05-09 15:59:22,717 INFO     ___FILE_ONLY___  
2020-05-09 15:59:22,717 INFO     ___FILE_ONLY___ │ 
2020-05-09 15:59:22,717 INFO     ___FILE_ONLY___ gcloud Beta Commands                                
2020-05-09 15:59:22,717 INFO     ___FILE_ONLY___  
2020-05-09 15:59:22,717 INFO     ___FILE_ONLY___ │ 
2020-05-09 15:59:22,717 INFO     ___FILE_ONLY___ beta                    
2020-05-09 15:59:22,717 INFO     ___FILE_ONLY___  
2020-05-09 15:59:22,718 INFO     ___FILE_ONLY___ │ 
2020-05-09 15:59:22,718 INFO     ___FILE_ONLY___  < 1 MiB
2020-05-09 15:59:22,718 INFO     ___FILE_ONLY___  
2020-05-09 15:59:22,718 INFO     ___FILE_ONLY___ │
2020-05-09 15:59:22,718 INFO     ___FILE_ONLY___ 

2020-05-09 15:59:22,718 INFO     ___FILE_ONLY___ │ 
2020-05-09 15:59:22,718 INFO     ___FILE_ONLY___ Not Installed
2020-05-09 15:59:22,718 INFO     ___FILE_ONLY___  
2020-05-09 15:59:22,718 INFO     ___FILE_ONLY___ │ 
2020-05-09 15:59:22,718 INFO     ___FILE_ONLY___ gcloud app Java Extensions                          
2020-05-09 15:59:22,718 INFO     ___FILE_ONLY___  
2020-05-09 15:59:22,718 INFO     ___FILE_ONLY___ │ 
2020-05-09 15:59:22,718 INFO     ___FILE_ONLY___ app-engine-java         
2020-05-09 15:59:22,719 INFO     ___FILE_ONLY___  
2020-05-09 15:59:22,719 INFO     ___FILE_ONLY___ │ 
2020-05-09 15:59:22,719 INFO     ___FILE_ONLY___ 62.4 MiB
2020-05-09 15:59:22,719 INFO     ___FILE_ONLY___  
2020-05-09 15:59:22,719 INFO     ___FILE_ONLY___ │
2020-05-09 15:59:22,719 INFO     ___FILE_ONLY___ 

2020-05-09 15:59:22,719 INFO     ___FILE_ONLY___ │ 
2020-05-09 15:59:22,719 INFO     ___FILE_ONLY___ Not Installed
2020-05-09 15:59:22,719 INFO     ___FILE_ONLY___  
2020-05-09 15:59:22,719 INFO     ___FILE_ONLY___ │ 
2020-05-09 15:59:22,719 INFO     ___FILE_ONLY___ gcloud app PHP Extensions                           
2020-05-09 15:59:22,719 INFO     ___FILE_ONLY___  
2020-05-09 15:59:22,719 INFO     ___FILE_ONLY___ │ 
2020-05-09 15:59:22,720 INFO     ___FILE_ONLY___ app-engine-php          
2020-05-09 15:59:22,720 INFO     ___FILE_ONLY___  
2020-05-09 15:59:22,720 INFO     ___FILE_ONLY___ │ 
2020-05-09 15:59:22,720 INFO     ___FILE_ONLY___         
2020-05-09 15:59:22,720 INFO     ___FILE_ONLY___  
2020-05-09 15:59:22,720 INFO     ___FILE_ONLY___ │
2020-05-09 15:59:22,720 INFO     ___FILE_ONLY___ 

2020-05-09 15:59:22,720 INFO     ___FILE_ONLY___ │ 
2020-05-09 15:59:22,720 INFO     ___FILE_ONLY___ Not Installed
2020-05-09 15:59:22,720 INFO     ___FILE_ONLY___  
2020-05-09 15:59:22,720 INFO     ___FILE_ONLY___ │ 
2020-05-09 15:59:22,720 INFO     ___FILE_ONLY___ gcloud app Python Extensions                        
2020-05-09 15:59:22,720 INFO     ___FILE_ONLY___  
2020-05-09 15:59:22,721 INFO     ___FILE_ONLY___ │ 
2020-05-09 15:59:22,721 INFO     ___FILE_ONLY___ app-engine-python       
2020-05-09 15:59:22,721 INFO     ___FILE_ONLY___  
2020-05-09 15:59:22,721 INFO     ___FILE_ONLY___ │ 
2020-05-09 15:59:22,721 INFO     ___FILE_ONLY___  6.1 MiB
2020-05-09 15:59:22,721 INFO     ___FILE_ONLY___  
2020-05-09 15:59:22,721 INFO     ___FILE_ONLY___ │
2020-05-09 15:59:22,721 INFO     ___FILE_ONLY___ 

2020-05-09 15:59:22,721 INFO     ___FILE_ONLY___ │ 
2020-05-09 15:59:22,721 INFO     ___FILE_ONLY___ Not Installed
2020-05-09 15:59:22,721 INFO     ___FILE_ONLY___  
2020-05-09 15:59:22,721 INFO     ___FILE_ONLY___ │ 
2020-05-09 15:59:22,721 INFO     ___FILE_ONLY___ gcloud app Python Extensions (Extra Libraries)      
2020-05-09 15:59:22,722 INFO     ___FILE_ONLY___  
2020-05-09 15:59:22,722 INFO     ___FILE_ONLY___ │ 
2020-05-09 15:59:22,722 INFO     ___FILE_ONLY___ app-engine-python-extras
2020-05-09 15:59:22,722 INFO     ___FILE_ONLY___  
2020-05-09 15:59:22,722 INFO     ___FILE_ONLY___ │ 
2020-05-09 15:59:22,722 INFO     ___FILE_ONLY___ 27.1 MiB
2020-05-09 15:59:22,722 INFO     ___FILE_ONLY___  
2020-05-09 15:59:22,722 INFO     ___FILE_ONLY___ │
2020-05-09 15:59:22,722 INFO     ___FILE_ONLY___ 

2020-05-09 15:59:22,722 INFO     ___FILE_ONLY___ │ 
2020-05-09 15:59:22,722 INFO     ___FILE_ONLY___ Not Installed
2020-05-09 15:59:22,722 INFO     ___FILE_ONLY___  
2020-05-09 15:59:22,723 INFO     ___FILE_ONLY___ │ 
2020-05-09 15:59:22,723 INFO     ___FILE_ONLY___ kpt                                                 
2020-05-09 15:59:22,723 INFO     ___FILE_ONLY___  
2020-05-09 15:59:22,723 INFO     ___FILE_ONLY___ │ 
2020-05-09 15:59:22,723 INFO     ___FILE_ONLY___ kpt                     
2020-05-09 15:59:22,723 INFO     ___FILE_ONLY___  
2020-05-09 15:59:22,723 INFO     ___FILE_ONLY___ │ 
2020-05-09 15:59:22,723 INFO     ___FILE_ONLY___ 20.3 MiB
2020-05-09 15:59:22,723 INFO     ___FILE_ONLY___  
2020-05-09 15:59:22,723 INFO     ___FILE_ONLY___ │
2020-05-09 15:59:22,723 INFO     ___FILE_ONLY___ 

2020-05-09 15:59:22,723 INFO     ___FILE_ONLY___ │ 
2020-05-09 15:59:22,723 INFO     ___FILE_ONLY___ Not Installed
2020-05-09 15:59:22,724 INFO     ___FILE_ONLY___  
2020-05-09 15:59:22,724 INFO     ___FILE_ONLY___ │ 
2020-05-09 15:59:22,724 INFO     ___FILE_ONLY___ kubectl                                             
2020-05-09 15:59:22,724 INFO     ___FILE_ONLY___  
2020-05-09 15:59:22,724 INFO     ___FILE_ONLY___ │ 
2020-05-09 15:59:22,724 INFO     ___FILE_ONLY___ kubectl                 
2020-05-09 15:59:22,724 INFO     ___FILE_ONLY___  
2020-05-09 15:59:22,724 INFO     ___FILE_ONLY___ │ 
2020-05-09 15:59:22,724 INFO     ___FILE_ONLY___  < 1 MiB
2020-05-09 15:59:22,724 INFO     ___FILE_ONLY___  
2020-05-09 15:59:22,724 INFO     ___FILE_ONLY___ │
2020-05-09 15:59:22,724 INFO     ___FILE_ONLY___ 

2020-05-09 15:59:22,725 INFO     ___FILE_ONLY___ │ 
2020-05-09 15:59:22,725 INFO     ___FILE_ONLY___ Installed    
2020-05-09 15:59:22,725 INFO     ___FILE_ONLY___  
2020-05-09 15:59:22,725 INFO     ___FILE_ONLY___ │ 
2020-05-09 15:59:22,725 INFO     ___FILE_ONLY___ BigQuery Command Line Tool                          
2020-05-09 15:59:22,725 INFO     ___FILE_ONLY___  
2020-05-09 15:59:22,725 INFO     ___FILE_ONLY___ │ 
2020-05-09 15:59:22,725 INFO     ___FILE_ONLY___ bq                      
2020-05-09 15:59:22,725 INFO     ___FILE_ONLY___  
2020-05-09 15:59:22,725 INFO     ___FILE_ONLY___ │ 
2020-05-09 15:59:22,725 INFO     ___FILE_ONLY___  < 1 MiB
2020-05-09 15:59:22,725 INFO     ___FILE_ONLY___  
2020-05-09 15:59:22,726 INFO     ___FILE_ONLY___ │
2020-05-09 15:59:22,726 INFO     ___FILE_ONLY___ 

2020-05-09 15:59:22,726 INFO     ___FILE_ONLY___ │ 
2020-05-09 15:59:22,726 INFO     ___FILE_ONLY___ Installed    
2020-05-09 15:59:22,726 INFO     ___FILE_ONLY___  
2020-05-09 15:59:22,726 INFO     ___FILE_ONLY___ │ 
2020-05-09 15:59:22,726 INFO     ___FILE_ONLY___ Cloud SDK Core Libraries                            
2020-05-09 15:59:22,726 INFO     ___FILE_ONLY___  
2020-05-09 15:59:22,726 INFO     ___FILE_ONLY___ │ 
2020-05-09 15:59:22,726 INFO     ___FILE_ONLY___ core                    
2020-05-09 15:59:22,726 INFO     ___FILE_ONLY___  
2020-05-09 15:59:22,726 INFO     ___FILE_ONLY___ │ 
2020-05-09 15:59:22,727 INFO     ___FILE_ONLY___ 14.5 MiB
2020-05-09 15:59:22,727 INFO     ___FILE_ONLY___  
2020-05-09 15:59:22,727 INFO     ___FILE_ONLY___ │
2020-05-09 15:59:22,727 INFO     ___FILE_ONLY___ 

2020-05-09 15:59:22,727 INFO     ___FILE_ONLY___ │ 
2020-05-09 15:59:22,727 INFO     ___FILE_ONLY___ Installed    
2020-05-09 15:59:22,727 INFO     ___FILE_ONLY___  
2020-05-09 15:59:22,727 INFO     ___FILE_ONLY___ │ 
2020-05-09 15:59:22,727 INFO     ___FILE_ONLY___ Cloud Storage Command Line Tool                     
2020-05-09 15:59:22,727 INFO     ___FILE_ONLY___  
2020-05-09 15:59:22,727 INFO     ___FILE_ONLY___ │ 
2020-05-09 15:59:22,727 INFO     ___FILE_ONLY___ gsutil                  
2020-05-09 15:59:22,727 INFO     ___FILE_ONLY___  
2020-05-09 15:59:22,728 INFO     ___FILE_ONLY___ │ 
2020-05-09 15:59:22,728 INFO     ___FILE_ONLY___  3.5 MiB
2020-05-09 15:59:22,728 INFO     ___FILE_ONLY___  
2020-05-09 15:59:22,728 INFO     ___FILE_ONLY___ │
2020-05-09 15:59:22,728 INFO     ___FILE_ONLY___ 

2020-05-09 15:59:22,728 INFO     ___FILE_ONLY___ └───────────────┴──────────────────────────────────────────────────────┴──────────────────────────┴──────────┘
2020-05-09 15:59:22,728 INFO     ___FILE_ONLY___ 

2020-05-09 15:59:22,728 INFO     ___FILE_ONLY___ To install or remove components at your current SDK version [291.0.0], run:
  $ gcloud components install COMPONENT_ID
  $ gcloud components remove COMPONENT_ID

To update your SDK installation to the latest version [291.0.0], run:
  $ gcloud components update


2020-05-09 15:59:34,371 DEBUG    root            Metrics reporting process started...
