2020-05-09 15:59:56,728 DEBUG    root            Loaded Command Group: [u'gcloud', u'init']
2020-05-09 15:59:56,731 DEBUG    root            Running [gcloud.init] with arguments: []
2020-05-09 15:59:56,731 INFO     ___FILE_ONLY___ Welcome! This command will take you through the configuration of gcloud.


2020-05-09 15:59:56,732 INFO     ___FILE_ONLY___ Your current configuration has been set to: [default]


2020-05-09 15:59:56,732 INFO     ___FILE_ONLY___ You can skip diagnostics next time by using the following flag:

2020-05-09 15:59:56,732 INFO     ___FILE_ONLY___   gcloud init --skip-diagnostics


2020-05-09 15:59:56,733 INFO     ___FILE_ONLY___ Network diagnostic detects and fixes local network connection issues.

2020-05-09 15:59:56,733 INFO     ___FILE_ONLY___ Checking network connection...
2020-05-09 15:59:57,740 INFO     ___FILE_ONLY___ Reachability Check passed.

2020-05-09 15:59:57,741 INFO     ___FILE_ONLY___ Network diagnostic passed (1/1 checks passed).


2020-05-09 15:59:58,705 DEBUG    root            Loaded Command Group: [u'gcloud', u'auth']
2020-05-09 15:59:58,770 DEBUG    root            Loaded Command Group: [u'gcloud', u'auth', u'login']
2020-05-09 15:59:58,772 INFO     root            Executing: [gcloud auth login --force --brief]
2020-05-09 15:59:58,774 DEBUG    root            Running [gcloud.auth.login] with arguments: [--brief: "True", --force: "True"]
2020-05-09 15:59:58,775 DEBUG    requests_oauthlib.oauth2_session Generated new state hWkxA0eviyWjzlYQwWQciJhJoouLu9.
2020-05-09 15:59:58,779 INFO     ___FILE_ONLY___ Your browser has been opened to visit:

    https://accounts.google.com/o/oauth2/auth?response_type=code&client_id=32555940559.apps.googleusercontent.com&redirect_uri=http%3A%2F%2Flocalhost%3A8085%2F&scope=openid+https%3A%2F%2Fwww.googleapis.com%2Fauth%2Fuserinfo.email+https%3A%2F%2Fwww.googleapis.com%2Fauth%2Fcloud-platform+https%3A%2F%2Fwww.googleapis.com%2Fauth%2Fappengine.admin+https%3A%2F%2Fwww.googleapis.com%2Fauth%2Fcompute+https%3A%2F%2Fwww.googleapis.com%2Fauth%2Faccounts.reauth&state=hWkxA0eviyWjzlYQwWQciJhJoouLu9&code_challenge=oVtjQdbvnu3NQUcvbUjY2s63YgTmMZpS8VtjwziY_BE&code_challenge_method=S256&access_type=offline


2020-05-09 16:00:04,678 INFO     google_auth_oauthlib.flow "GET /?state=hWkxA0eviyWjzlYQwWQciJhJoouLu9&code=4/zgHO0nztTNBM3uhbxMi9hmuHziP4GTAeMkCu40IMG8HjjM6PPteFV3hAHmAGTlqzQ4EfjX5i1IdxN1xoicSYvz8&scope=email%20openid%20https://www.googleapis.com/auth/userinfo.email%20https://www.googleapis.com/auth/cloud-platform%20https://www.googleapis.com/auth/appengine.admin%20https://www.googleapis.com/auth/compute%20https://www.googleapis.com/auth/accounts.reauth&authuser=0&hd=abelian.ai&prompt=consent HTTP/1.1" 200 959
2020-05-09 16:00:04,678 DEBUG    requests_oauthlib.oauth2_session Encoding `client_id` "32555940559.apps.googleusercontent.com" with `client_secret` as Basic auth credentials.
2020-05-09 16:00:04,679 DEBUG    requests_oauthlib.oauth2_session Requesting url https://www.googleapis.com/oauth2/v4/token using method POST.
2020-05-09 16:00:04,679 DEBUG    requests_oauthlib.oauth2_session Supplying headers {u'Content-Type': u'application/x-www-form-urlencoded;charset=UTF-8', u'Accept': u'application/json'} and data {u'code': u'4/zgHO0nztTNBM3uhbxMi9hmuHziP4GTAeMkCu40IMG8HjjM6PPteFV3hAHmAGTlqzQ4EfjX5i1IdxN1xoicSYvz8', u'code_verifier': u'VgN_CvUr4t6VSelKfzm.0Q-s.wQ9gxMOFmogk7VD8GBZKI~eknqbli_0-54SZo.FbqmjI8kT691v.XGRtkPo3cKVbhXT06cm~7etK~Toa1WZcHSPkCa8pH~BaVK5kid~', u'grant_type': u'authorization_code', u'redirect_uri': u'http://localhost:8085/'}
2020-05-09 16:00:04,679 DEBUG    requests_oauthlib.oauth2_session Passing through key word arguments {'verify': True, 'json': None, 'proxies': None, 'timeout': None, 'auth': <requests.auth.HTTPBasicAuth object at 0x7f1c9a8b5c50>}.
2020-05-09 16:00:04,681 DEBUG    urllib3.connectionpool Starting new HTTPS connection (1): www.googleapis.com:443
2020-05-09 16:00:04,834 DEBUG    urllib3.connectionpool https://www.googleapis.com:443 "POST /oauth2/v4/token HTTP/1.1" 200 None
2020-05-09 16:00:04,837 DEBUG    requests_oauthlib.oauth2_session Prepared fetch token request body grant_type=authorization_code&code_verifier=VgN_CvUr4t6VSelKfzm.0Q-s.wQ9gxMOFmogk7VD8GBZKI%7Eeknqbli_0-54SZo.FbqmjI8kT691v.XGRtkPo3cKVbhXT06cm%7E7etK%7EToa1WZcHSPkCa8pH%7EBaVK5kid%7E&code=4%2FzgHO0nztTNBM3uhbxMi9hmuHziP4GTAeMkCu40IMG8HjjM6PPteFV3hAHmAGTlqzQ4EfjX5i1IdxN1xoicSYvz8&redirect_uri=http%3A%2F%2Flocalhost%3A8085%2F
2020-05-09 16:00:04,838 DEBUG    requests_oauthlib.oauth2_session Request to fetch token completed with status 200.
2020-05-09 16:00:04,838 DEBUG    requests_oauthlib.oauth2_session Request headers were {'Content-Length': '325', 'Accept-Encoding': 'gzip, deflate', 'Accept': u'application/json', 'User-Agent': 'python-requests/2.22.0', 'Connection': 'keep-alive', 'Content-Type': u'application/x-www-form-urlencoded;charset=UTF-8', 'Authorization': 'Basic MzI1NTU5NDA1NTkuYXBwcy5nb29nbGV1c2VyY29udGVudC5jb206Wm1zc0xOakp5Mjk5OGhENENUZzJlanIy'}
2020-05-09 16:00:04,839 DEBUG    requests_oauthlib.oauth2_session Request body was code=4%2FzgHO0nztTNBM3uhbxMi9hmuHziP4GTAeMkCu40IMG8HjjM6PPteFV3hAHmAGTlqzQ4EfjX5i1IdxN1xoicSYvz8&code_verifier=VgN_CvUr4t6VSelKfzm.0Q-s.wQ9gxMOFmogk7VD8GBZKI%7Eeknqbli_0-54SZo.FbqmjI8kT691v.XGRtkPo3cKVbhXT06cm%7E7etK%7EToa1WZcHSPkCa8pH%7EBaVK5kid%7E&grant_type=authorization_code&redirect_uri=http%3A%2F%2Flocalhost%3A8085%2F
2020-05-09 16:00:04,839 DEBUG    requests_oauthlib.oauth2_session Response headers were {'X-XSS-Protection': '0', 'X-Content-Type-Options': 'nosniff', 'Content-Encoding': 'gzip', 'Transfer-Encoding': 'chunked', 'Vary': 'Origin, X-Origin, Referer', 'Server': 'scaffolding on HTTPServer2', 'Cache-Control': 'private', 'Date': 'Sat, 09 May 2020 20:00:05 GMT', 'X-Frame-Options': 'SAMEORIGIN', 'Alt-Svc': 'h3-27=":443"; ma=2592000,h3-25=":443"; ma=2592000,h3-Q050=":443"; ma=2592000,h3-Q049=":443"; ma=2592000,h3-Q048=":443"; ma=2592000,h3-Q046=":443"; ma=2592000,h3-Q043=":443"; ma=2592000,quic=":443"; ma=2592000; v="46,43"', 'Content-Type': 'application/json; charset=utf-8'} and content {
  "access_token": "ya29.a0Ae4lvC0RWsLMYmsUm7TvEkZvu8mQKBRmfMe1DEreJ9WXIzmMLb8c2DzCcMb1w3iyv5jEBcJwrZbxEho_mzFKuFhx1_fT0JjLhUaH4CyPjw24onoKXScxMDmMK50M-S78atbTl99TbugrSdebqojYyhA9x2Nz7dEocQWpRb6S_q0",
  "expires_in": 3599,
  "refresh_token": "1//0dhjCu42-vvjjCgYIARAAGA0SNwF-L9Ir1JWQcNW-6GBBQTXGioSebEpZKuHEdb1KLu46dmxhufcm2aZQPI3Hr4xoj-dgWKICppw",
  "scope": "openid https://www.googleapis.com/auth/cloud-platform https://www.googleapis.com/auth/userinfo.email https://www.googleapis.com/auth/compute https://www.googleapis.com/auth/accounts.reauth https://www.googleapis.com/auth/appengine.admin",
  "token_type": "Bearer",
  "id_token": "eyJhbGciOiJSUzI1NiIsImtpZCI6Ijc0YmQ4NmZjNjFlNGM2Y2I0NTAxMjZmZjRlMzhiMDY5YjhmOGYzNWMiLCJ0eXAiOiJKV1QifQ.eyJpc3MiOiJodHRwczovL2FjY291bnRzLmdvb2dsZS5jb20iLCJhenAiOiIzMjU1NTk0MDU1OS5hcHBzLmdvb2dsZXVzZXJjb250ZW50LmNvbSIsImF1ZCI6IjMyNTU1OTQwNTU5LmFwcHMuZ29vZ2xldXNlcmNvbnRlbnQuY29tIiwic3ViIjoiMTA2MzY3NjUyNDY4NjM5OTg0MDA1IiwiaGQiOiJhYmVsaWFuLmFpIiwiZW1haWwiOiJuaWNrQGFiZWxpYW4uYWkiLCJlbWFpbF92ZXJpZmllZCI6dHJ1ZSwiYXRfaGFzaCI6Il9wWC16TGdqdHVmeWdydkE4cXpXSXciLCJpYXQiOjE1ODkwNTQ0MDUsImV4cCI6MTU4OTA1ODAwNX0.U1UDN_Ycnu7EcvDTAfZFCHc3ZMb49-qqg92FTrgBSp7rZ4eNubVIOdWB7IJ00YhtfL0LDEUDpkDqfYI5xQJuRjd876ntI33bv47l7qA3jLVFGgzvJ-KQMhrJkul18JXFuKBsWjGlIfF8mL0SotWazBAZQx-Bnp8AZtBSO_R8dn2b3hvy5G9nx5VxYFV83jyJf3zIbrE9GSOgRTedNjrtpbUqtbKW3ReEWxbxDymACmkJDFvlDHGmd779k0JrJ0wI-w6SgwBBXPoPAPAuir7T1Ii9kmEqAaZe2emWuSPgoOUxfU8-41kRSx_doZOosthsJagzthhu9L-uzdTHG5rZ4A"
}.
2020-05-09 16:00:04,840 DEBUG    requests_oauthlib.oauth2_session Invoking 0 token response hooks.
2020-05-09 16:00:04,840 DEBUG    requests_oauthlib.oauth2_session Obtained token {u'token_type': u'Bearer', u'refresh_token': u'1//0dhjCu42-vvjjCgYIARAAGA0SNwF-L9Ir1JWQcNW-6GBBQTXGioSebEpZKuHEdb1KLu46dmxhufcm2aZQPI3Hr4xoj-dgWKICppw', u'scope': [u'openid', u'https://www.googleapis.com/auth/cloud-platform', u'https://www.googleapis.com/auth/userinfo.email', u'https://www.googleapis.com/auth/compute', u'https://www.googleapis.com/auth/accounts.reauth', u'https://www.googleapis.com/auth/appengine.admin'], u'access_token': u'ya29.a0Ae4lvC0RWsLMYmsUm7TvEkZvu8mQKBRmfMe1DEreJ9WXIzmMLb8c2DzCcMb1w3iyv5jEBcJwrZbxEho_mzFKuFhx1_fT0JjLhUaH4CyPjw24onoKXScxMDmMK50M-S78atbTl99TbugrSdebqojYyhA9x2Nz7dEocQWpRb6S_q0', u'id_token': u'eyJhbGciOiJSUzI1NiIsImtpZCI6Ijc0YmQ4NmZjNjFlNGM2Y2I0NTAxMjZmZjRlMzhiMDY5YjhmOGYzNWMiLCJ0eXAiOiJKV1QifQ.eyJpc3MiOiJodHRwczovL2FjY291bnRzLmdvb2dsZS5jb20iLCJhenAiOiIzMjU1NTk0MDU1OS5hcHBzLmdvb2dsZXVzZXJjb250ZW50LmNvbSIsImF1ZCI6IjMyNTU1OTQwNTU5LmFwcHMuZ29vZ2xldXNlcmNvbnRlbnQuY29tIiwic3ViIjoiMTA2MzY3NjUyNDY4NjM5OTg0MDA1IiwiaGQiOiJhYmVsaWFuLmFpIiwiZW1haWwiOiJuaWNrQGFiZWxpYW4uYWkiLCJlbWFpbF92ZXJpZmllZCI6dHJ1ZSwiYXRfaGFzaCI6Il9wWC16TGdqdHVmeWdydkE4cXpXSXciLCJpYXQiOjE1ODkwNTQ0MDUsImV4cCI6MTU4OTA1ODAwNX0.U1UDN_Ycnu7EcvDTAfZFCHc3ZMb49-qqg92FTrgBSp7rZ4eNubVIOdWB7IJ00YhtfL0LDEUDpkDqfYI5xQJuRjd876ntI33bv47l7qA3jLVFGgzvJ-KQMhrJkul18JXFuKBsWjGlIfF8mL0SotWazBAZQx-Bnp8AZtBSO_R8dn2b3hvy5G9nx5VxYFV83jyJf3zIbrE9GSOgRTedNjrtpbUqtbKW3ReEWxbxDymACmkJDFvlDHGmd779k0JrJ0wI-w6SgwBBXPoPAPAuir7T1Ii9kmEqAaZe2emWuSPgoOUxfU8-41kRSx_doZOosthsJagzthhu9L-uzdTHG5rZ4A', u'expires_in': 3599, u'expires_at': 1589058003.840821}.
2020-05-09 16:00:04,872 INFO     root            Display format: "none"
2020-05-09 16:00:04,875 DEBUG    root            Checking for updates...
2020-05-09 16:00:05,064 DEBUG    root            Updating notification cache...
2020-05-09 16:00:05,068 INFO     ___FILE_ONLY___ You are logged in as: [nick@abelian.ai].


2020-05-09 16:00:18,273 INFO     ___FILE_ONLY___ Your current project has been set to: [nyc-taxi-data-276717].


2020-05-09 16:00:18,346 DEBUG    root            Loaded Command Group: [u'gcloud', u'compute']
2020-05-09 16:00:18,349 DEBUG    root            Loaded Command Group: [u'gcloud', u'compute', u'project_info']
2020-05-09 16:00:18,370 DEBUG    root            Loaded Command Group: [u'gcloud', u'compute', u'project-info', u'describe']
2020-05-09 16:00:18,371 INFO     root            Executing: [gcloud compute project-info describe --quiet]
2020-05-09 16:00:18,373 DEBUG    root            Running [gcloud.compute.project-info.describe] with arguments: [--no-user-output-enabled: "false", --quiet: "True", --verbosity: "none"]
2020-05-09 16:00:18,818 DEBUG    root            (gcloud.compute.project-info.describe) HTTPError 403: Access Not Configured. Compute Engine API has not been used in project 1070060529076 before or it is disabled. Enable it by visiting https://console.developers.google.com/apis/api/compute.googleapis.com/overview?project=1070060529076 then retry. If you enabled this API recently, wait a few minutes for the action to propagate to our systems and retry.
Traceback (most recent call last):
  File "/home/nulven/abelian/hudson/experiments/google-cloud-sdk/lib/googlecloudsdk/calliope/cli.py", line 983, in Execute
    resources = calliope_command.Run(cli=self, args=args)
  File "/home/nulven/abelian/hudson/experiments/google-cloud-sdk/lib/googlecloudsdk/calliope/backend.py", line 807, in Run
    resources = command_instance.Run(args)
  File "/home/nulven/abelian/hudson/experiments/google-cloud-sdk/lib/surface/compute/project_info/describe.py", line 39, in Run
    project=project_ref.projectId))])[0]
  File "/home/nulven/abelian/hudson/experiments/google-cloud-sdk/lib/googlecloudsdk/api_lib/compute/client_adapter.py", line 98, in MakeRequests
    timeout=timeout))
  File "/home/nulven/abelian/hudson/experiments/google-cloud-sdk/lib/googlecloudsdk/api_lib/compute/request_helper.py", line 261, in MakeRequests
    requests=requests, http=http, batch_url=batch_url)
  File "/home/nulven/abelian/hudson/experiments/google-cloud-sdk/lib/googlecloudsdk/api_lib/compute/batch_helper.py", line 106, in MakeRequests
    batch_request_callback=batch_checker.BatchCheck)
  File "/home/nulven/abelian/hudson/experiments/google-cloud-sdk/lib/third_party/apitools/base/py/batch.py", line 226, in Execute
    batch_http_request.Execute(http)
  File "/home/nulven/abelian/hudson/experiments/google-cloud-sdk/lib/third_party/apitools/base/py/batch.py", line 506, in Execute
    self.__callback(response, exception)
  File "/home/nulven/abelian/hudson/experiments/google-cloud-sdk/lib/googlecloudsdk/api_lib/compute/batch_helper.py", line 73, in BatchCheck
    is_batch_request=True)
  File "/home/nulven/abelian/hudson/experiments/google-cloud-sdk/lib/googlecloudsdk/api_lib/util/apis.py", line 261, in PromptToEnableApi
    raise exception
HttpException: HTTPError 403: Access Not Configured. Compute Engine API has not been used in project 1070060529076 before or it is disabled. Enable it by visiting https://console.developers.google.com/apis/api/compute.googleapis.com/overview?project=1070060529076 then retry. If you enabled this API recently, wait a few minutes for the action to propagate to our systems and retry.
2020-05-09 16:00:18,819 ERROR    root            (gcloud.compute.project-info.describe) HTTPError 403: Access Not Configured. Compute Engine API has not been used in project 1070060529076 before or it is disabled. Enable it by visiting https://console.developers.google.com/apis/api/compute.googleapis.com/overview?project=1070060529076 then retry. If you enabled this API recently, wait a few minutes for the action to propagate to our systems and retry.
2020-05-09 16:00:18,829 INFO     root            [compute project-info describe --quiet] has failed

2020-05-09 16:00:18,829 INFO     ___FILE_ONLY___ Not setting default zone/region (this feature makes it easier to use
[gcloud compute] by setting an appropriate default value for the
--zone and --region flag).
See https://cloud.google.com/compute/docs/gcloud-compute section on how to set
default compute region and zone manually. If you would like [gcloud init] to be
able to do this for you the next time you run it, make sure the
Compute Engine API is enabled for your project on the
https://console.developers.google.com/apis page.


2020-05-09 16:00:18,829 DEBUG    root            Executing command: [u'/home/nulven/abelian/hudson/experiments/google-cloud-sdk/bin/gsutil', u'config', u'-n', u'-o', u'/home/nulven/.boto']
2020-05-09 16:00:20,005 DEBUG    ___FILE_ONLY___ 
2020-05-09 16:00:20,005 DEBUG    ___FILE_ONLY___ This command will create a boto config file at /home/nulven/.boto
containing your credentials, based on your responses to the following
questions.

Boto config file "/home/nulven/.boto" created. If you need to use a
proxy to access the Internet please see the instructions in that file.

2020-05-09 16:00:20,006 INFO     ___FILE_ONLY___ Created a default .boto configuration file at [/home/nulven/.boto]. See this file and
[https://cloud.google.com/storage/docs/gsutil/commands/config] for more
information about configuring Google Cloud Storage.

2020-05-09 16:00:20,006 INFO     ___FILE_ONLY___ Your Google Cloud SDK is configured and ready to use!


2020-05-09 16:00:20,006 INFO     ___FILE_ONLY___ * Commands that require authentication will use nick@abelian.ai by default

2020-05-09 16:00:20,006 INFO     ___FILE_ONLY___ * Commands will reference project `nyc-taxi-data-276717` by default

2020-05-09 16:00:20,006 INFO     ___FILE_ONLY___ Run `gcloud help config` to learn how to change individual settings


2020-05-09 16:00:20,007 INFO     ___FILE_ONLY___ This gcloud configuration is called [default]. You can create additional configurations if you work with multiple accounts and/or projects.

2020-05-09 16:00:20,007 INFO     ___FILE_ONLY___ Run `gcloud topic configurations` to learn more.


2020-05-09 16:00:20,007 INFO     ___FILE_ONLY___ Some things to try next:


2020-05-09 16:00:20,007 INFO     ___FILE_ONLY___ * Run `gcloud --help` to see the Cloud Platform services you can interact with. And run `gcloud help COMMAND` to get help on any gcloud command.

2020-05-09 16:00:20,007 INFO     ___FILE_ONLY___ * Run `gcloud topic --help` to learn about advanced features of the SDK like arg files and output formatting

2020-05-09 16:00:20,009 INFO     root            Display format: "default"
2020-05-09 16:00:20,020 DEBUG    root            Metrics reporting process started...
