1597957688,ceab6fe24760e4fe
1597958513,de1cff388c09681e
1597959075,bbec756721506e5d
1605741337,021b56fa2c600a90
1609119618,5b596fe05d7ba488
1609119619,c0df5fcf61485f15
1609272845,2655a0d415cf0ba4
1611539945,85b41d2e2f00a7a5
1611539945,739583cd3c037736
1613940535,5857099b36a5bd69
1614916825,648e9eac90c1f780
1614916825,89459cccd394dc89
1614917023,39e3380647cd127c
1614917024,6d4441633fbf3ee6
1614917085,55c8a4f06913889e
1614917086,7dc7663566786a49
1614917166,3e942e7a8891edc8
1614917166,9c04f4b71058d0c2
1614917167,35ad58494c771b19
1614917167,6f4e728d65678166
1614917168,bec272d8048acdb5
1614917168,b6fdb4f911bc7934
1614917170,59f656be18d30211
1614917173,b631801fd0e0af78
1614917197,2ed2dd6253b38658
1614917203,7fd8b1b223d3656e
1615476015,562243a337c742e6
1615932077,423544feeb1a5ba2
1615932078,2053b0fa03e0c69c
1615932079,33e1c3099c85c3f1
1615932079,6fd6dbf2cd42274d
1615932080,fb15b04f0a6f8baf
1615932082,50fc8812c59ddf74
1615932084,a2c79236d6b9ce69
1615932087,a5c8dd6429bdb504
1616116141,4c0b8af70ad02434
1616116141,0fd04dcd620409fa
1616683240,23f8e322f220325b
1618414817,70693cdf4cf9a411
1618414818,9587d2d7d79a80ad
1619182378,1c404661234d65e4
1619182378,da66067968e2d75a
1620020214,79da07e2471f8a85
1620020216,b55b2027c4fc5b5e
1624955915,d4b8ff5a8eda4db4
1624955916,3e54107454dd2b51
1624990646,2064bc0822e533a7
1624990646,4b6ffa7aeb8b32ee
1629160636,2a7f90c4a2f435fc
1629160637,4d3a5ad78d7d4c79
1629160659,eee6fd77ef6f1675
1629160791,dd69ef04eea01248
1629160792,8f94748529f3bc40
1630864419,4a4617b2d0cc77ca
1633601679,9d1cec3810b0de5d
1633684639,b0a9f594ef8529c9
1633684647,ed485b58492a8f17
1633684648,1649fe0fb219a07c
1633684656,cb028387ed54a8b6
1633684673,4c37fb1d987692a0
1633684704,d319826458b54205
1633684707,f5582b6f3f3ad6a2
1633684708,6dcc66ff661f2115
1633684802,e35510401a4f4673
1633684813,e408c9b433b9dba1
1633684814,d5f246aef26a321f
1633684814,e13ae9cd6cc911b3
1633684818,f99d892e773b9b18
