INFO  2021-11-16T09:09:31.653 ThreadId(1) [1P:foundation/op-log/src/lib.rs:598] Removed 6 old log files
INFO  2021-11-16T09:09:31.660 ThreadId(1) [client:typescript] Client starting.
INFO  2021-11-16T09:09:31.875 ThreadId(1) [1P:op-localization/src/lib.rs:175] system locale detected as 'en_US'
INFO  2021-11-16T09:09:31.875 ThreadId(1) [1P:op-localization/src/lib.rs:201] selected translations for EN_US based on detected locale en-US
INFO  2021-11-16T09:09:31.876 ThreadId(1) [status:op-app/src/app.rs:287] App::new(1Password for Linux/80300006 (EN_US), /home/nulven/.config/1Password/1password.sqlite)
INFO  2021-11-16T09:09:31.876 tokio-runtime-worker(ThreadId(6)) [1P:native-messaging/op-native-core-integration/src/lib.rs:238] Starting IPC listener on 1Password-BrowserSupport
INFO  2021-11-16T09:09:31.876 tokio-runtime-worker(ThreadId(6)) [1P:native-messaging/op-native-core-integration/src/lib.rs:253] Active native core integration is awaiting messages
INFO  2021-11-16T09:09:31.882 ThreadId(1) [1P:op-db/src/db.rs:94] Starting DB at version: 22
INFO  2021-11-16T09:09:31.889 ThreadId(1) [1P:foundation/op-quick-access/src/linux.rs:63] failed to connect to swaywm
INFO  2021-11-16T09:09:31.893 op_executor:invocation_loop(ThreadId(13)) [1P:native-messaging/op-nm-installer/src/nix_utils.rs:66] Created NMH manifest at /home/nulven/.config/google-chrome/NativeMessagingHosts/com.1password.1password.json
INFO  2021-11-16T09:09:31.894 op_executor:invocation_loop(ThreadId(13)) [1P:native-messaging/op-nm-installer/src/nix_utils.rs:66] Created NMH manifest at /home/nulven/.config/google-chrome-beta/NativeMessagingHosts/com.1password.1password.json
INFO  2021-11-16T09:09:31.894 op_executor:invocation_loop(ThreadId(13)) [1P:native-messaging/op-nm-installer/src/nix_utils.rs:66] Created NMH manifest at /home/nulven/.config/google-chrome-unstable/NativeMessagingHosts/com.1password.1password.json
INFO  2021-11-16T09:09:31.894 op_executor:invocation_loop(ThreadId(13)) [1P:native-messaging/op-nm-installer/src/nix_utils.rs:66] Created NMH manifest at /home/nulven/.config/chromium/NativeMessagingHosts/com.1password.1password.json
INFO  2021-11-16T09:09:31.894 op_executor:invocation_loop(ThreadId(13)) [1P:native-messaging/op-nm-installer/src/nix_utils.rs:66] Created NMH manifest at /home/nulven/.config/microsoft-edge-dev/NativeMessagingHosts/com.1password.1password.json
INFO  2021-11-16T09:09:31.895 op_executor:invocation_loop(ThreadId(13)) [1P:native-messaging/op-nm-installer/src/nix_utils.rs:66] Created NMH manifest at /home/nulven/.config/BraveSoftware/Brave-Browser/NativeMessagingHosts/com.1password.1password.json
INFO  2021-11-16T09:09:31.895 op_executor:invocation_loop(ThreadId(13)) [1P:native-messaging/op-nm-installer/src/nix_utils.rs:66] Created NMH manifest at /home/nulven/.config/vivaldi/NativeMessagingHosts/com.1password.1password.json
INFO  2021-11-16T09:09:31.895 op_executor:invocation_loop(ThreadId(13)) [1P:native-messaging/op-nm-installer/src/nix_utils.rs:66] Created NMH manifest at /home/nulven/.config/vivaldi-snapshot/NativeMessagingHosts/com.1password.1password.json
INFO  2021-11-16T09:09:31.895 op_executor:invocation_loop(ThreadId(13)) [1P:native-messaging/op-nm-installer/src/nix_utils.rs:66] Created NMH manifest at /home/nulven/.mozilla/native-messaging-hosts/com.1password.1password.json
INFO  2021-11-16T09:09:31.895 op_executor:invocation_loop(ThreadId(13)) [1P:native-messaging/op-nm-installer/src/nix_utils.rs:81] Successfully installed all native messaging manifests.
INFO  2021-11-16T09:09:31.910 tokio-runtime-worker(ThreadId(9)) [1P:native-messaging/op-native-core-integration/src/lib.rs:265] Extension connecting.
INFO  2021-11-16T09:09:31.910 tokio-runtime-worker(ThreadId(9)) [1P:native-messaging/op-native-core-integration/src/lib.rs:267] Extension connection accepted.
WARN  2021-11-16T09:09:43.891 tokio-runtime-worker(ThreadId(9)) [1P:op-app/src/app/backend/lock_screen.rs:138] the password entered may be incorrect
ERROR 2021-11-16T09:09:43.891 tokio-runtime-worker(ThreadId(9)) [1P:op-app/src/app/backend/lock_screen.rs:139] UnableToUnlockAccount([AccountUnlockResult { account_id: 1, status: Locked, error: Some(FailedToDecryptKeyset(DecryptingSymmetricKey(GcmFailedToDecrypt))) }])
INFO  2021-11-16T09:09:49.146 tokio-runtime-worker(ThreadId(9)) [1P:op-data-layer/src/load.rs:131] loaded 137 items in 3 vaults for account: 46QJZVO2JVGONMTVGV2CN5W7FE
INFO  2021-11-16T09:09:49.181 op_executor:invocation_loop(ThreadId(13)) [1P:op-app/src/app/backend/unlock.rs:88] Lock state changed: Unlocked
INFO  2021-11-16T09:09:49.188 op_executor:invocation_loop(ThreadId(13)) [1P:op-app/src/app/backend/frontend.rs:26] Front end event: window closed
INFO  2021-11-16T09:09:49.898 tokio-runtime-worker(ThreadId(2)) [1P:op-syncer/src/sync_job.rs:271] synced account 46QJZVO2JVGONMTVGV2CN5W7FE (0.072683806s)
INFO  2021-11-16T09:09:49.898 tokio-runtime-worker(ThreadId(2)) [1P:op-data-layer/src/file.rs:495] find_and_complete_pending_uploads: '46QJZVO2JVGONMTVGV2CN5W7FE'
INFO  2021-11-16T09:09:49.960 tokio-runtime-worker(ThreadId(8)) [1P:op-data-layer/src/sync.rs:484] The B5 Notifier for (46QJZVO2JVGONMTVGV2CN5W7FE) has connected, now monitoring for events.
INFO  2021-11-16T13:15:05.163 tokio-runtime-worker(ThreadId(8)) [1P:op-syncer/src/sync_job.rs:271] synced account 46QJZVO2JVGONMTVGV2CN5W7FE (1.02799481s)
INFO  2021-11-16T13:15:06.187 tokio-runtime-worker(ThreadId(9)) [1P:op-syncer/src/sync_job.rs:271] synced account 46QJZVO2JVGONMTVGV2CN5W7FE (0.234672911s)
WARN  2021-11-16T15:00:54.293 tokio-runtime-worker(ThreadId(8)) [1P:op-data-layer/src/sync.rs:475] The B5 Notifier for (46QJZVO2JVGONMTVGV2CN5W7FE) has disconnected.
INFO  2021-11-16T15:00:58.305 tokio-runtime-worker(ThreadId(4)) [1P:op-data-layer/src/sync.rs:484] The B5 Notifier for (46QJZVO2JVGONMTVGV2CN5W7FE) has connected, now monitoring for events.
WARN  2021-11-16T20:22:48.296 tokio-runtime-worker(ThreadId(4)) [1P:op-data-layer/src/sync.rs:475] The B5 Notifier for (46QJZVO2JVGONMTVGV2CN5W7FE) has disconnected.
INFO  2021-11-16T20:22:48.505 tokio-runtime-worker(ThreadId(9)) [1P:op-data-layer/src/sync.rs:484] The B5 Notifier for (46QJZVO2JVGONMTVGV2CN5W7FE) has connected, now monitoring for events.
INFO  2021-11-16T20:33:49.499 op_executor:invocation_loop(ThreadId(13)) [1P:op-app/src/app/backend/lock.rs:66] Lock state changed: Locked
INFO  2021-11-16T20:33:49.499 op_executor:invocation_loop(ThreadId(13)) [1P:op-app/src/app/backend/lock.rs:86] Locked. Reason: Automatic(DeviceLocked).
INFO  2021-11-16T20:33:50.047 ThreadId(26) [1P:op-auto-lock/src/linux.rs:382] X screensaver event detected
INFO  2021-11-16T20:34:20.093 ThreadId(26) [1P:op-auto-lock/src/linux.rs:382] X screensaver event detected
INFO  2021-11-16T20:57:12.249 tokio-runtime-worker(ThreadId(8)) [1P:op-data-layer/src/load.rs:131] loaded 139 items in 3 vaults for account: 46QJZVO2JVGONMTVGV2CN5W7FE
INFO  2021-11-16T20:57:12.251 op_executor:invocation_loop(ThreadId(13)) [1P:op-app/src/app/backend/unlock.rs:88] Lock state changed: Unlocked
INFO  2021-11-16T20:57:12.255 op_executor:invocation_loop(ThreadId(13)) [1P:op-app/src/app/backend/frontend.rs:26] Front end event: window closed
INFO  2021-11-16T20:57:13.086 tokio-runtime-worker(ThreadId(9)) [1P:op-syncer/src/sync_job.rs:271] synced account 46QJZVO2JVGONMTVGV2CN5W7FE (0.078806368s)
INFO  2021-11-16T20:57:13.086 tokio-runtime-worker(ThreadId(9)) [1P:op-data-layer/src/file.rs:495] find_and_complete_pending_uploads: '46QJZVO2JVGONMTVGV2CN5W7FE'
INFO  2021-11-16T20:57:13.171 tokio-runtime-worker(ThreadId(8)) [1P:op-data-layer/src/sync.rs:484] The B5 Notifier for (46QJZVO2JVGONMTVGV2CN5W7FE) has connected, now monitoring for events.
INFO  2021-11-16T21:20:41.966 op_executor:invocation_loop(ThreadId(13)) [1P:op-app/src/app/backend/lock.rs:66] Lock state changed: Locked
INFO  2021-11-16T21:20:41.970 op_executor:invocation_loop(ThreadId(13)) [1P:op-app/src/app/backend/lock.rs:86] Locked. Reason: Automatic(DeviceLocked).
INFO  2021-11-16T21:20:42.479 ThreadId(26) [1P:op-auto-lock/src/linux.rs:382] X screensaver event detected
INFO  2021-11-16T22:15:04.982 ThreadId(26) [1P:op-auto-lock/src/linux.rs:382] X screensaver event detected
INFO  2021-11-16T22:15:46.403 ThreadId(26) [1P:op-auto-lock/src/linux.rs:382] X screensaver event detected
INFO  2021-11-16T22:18:36.937 ThreadId(26) [1P:op-auto-lock/src/linux.rs:382] X screensaver event detected
INFO  2021-11-16T22:19:07.490 ThreadId(26) [1P:op-auto-lock/src/linux.rs:382] X screensaver event detected
INFO  2021-11-16T22:28:04.217 ThreadId(26) [1P:op-auto-lock/src/linux.rs:382] X screensaver event detected
INFO  2021-11-16T22:28:34.285 ThreadId(26) [1P:op-auto-lock/src/linux.rs:382] X screensaver event detected
INFO  2021-11-16T22:32:38.235 ThreadId(26) [1P:op-auto-lock/src/linux.rs:382] X screensaver event detected
INFO  2021-11-16T22:33:08.699 ThreadId(26) [1P:op-auto-lock/src/linux.rs:382] X screensaver event detected
INFO  2021-11-16T22:34:37.591 ThreadId(26) [1P:op-auto-lock/src/linux.rs:382] X screensaver event detected
