INFO  2021-11-19T16:00:50.600 ThreadId(1) [1P:foundation/op-log/src/lib.rs:598] Removed 2 old log files
INFO  2021-11-19T16:00:50.607 ThreadId(1) [client:typescript] Client starting.
INFO  2021-11-19T16:00:50.829 ThreadId(1) [1P:op-localization/src/lib.rs:175] system locale detected as 'en_US'
INFO  2021-11-19T16:00:50.829 ThreadId(1) [1P:op-localization/src/lib.rs:201] selected translations for EN_US based on detected locale en-US
INFO  2021-11-19T16:00:50.829 ThreadId(1) [status:op-app/src/app.rs:287] App::new(1Password for Linux/80300006 (EN_US), /home/nulven/.config/1Password/1password.sqlite)
INFO  2021-11-19T16:00:50.830 tokio-runtime-worker(ThreadId(9)) [1P:native-messaging/op-native-core-integration/src/lib.rs:238] Starting IPC listener on 1Password-BrowserSupport
INFO  2021-11-19T16:00:50.830 tokio-runtime-worker(ThreadId(9)) [1P:native-messaging/op-native-core-integration/src/lib.rs:253] Active native core integration is awaiting messages
INFO  2021-11-19T16:00:50.836 ThreadId(1) [1P:op-db/src/db.rs:94] Starting DB at version: 22
INFO  2021-11-19T16:00:50.840 tokio-runtime-worker(ThreadId(7)) [1P:native-messaging/op-native-core-integration/src/lib.rs:265] Extension connecting.
INFO  2021-11-19T16:00:50.840 tokio-runtime-worker(ThreadId(7)) [1P:native-messaging/op-native-core-integration/src/lib.rs:267] Extension connection accepted.
INFO  2021-11-19T16:00:50.843 ThreadId(1) [1P:foundation/op-quick-access/src/linux.rs:63] failed to connect to swaywm
INFO  2021-11-19T16:00:50.848 op_executor:invocation_loop(ThreadId(13)) [1P:native-messaging/op-nm-installer/src/nix_utils.rs:66] Created NMH manifest at /home/nulven/.config/google-chrome/NativeMessagingHosts/com.1password.1password.json
INFO  2021-11-19T16:00:50.848 op_executor:invocation_loop(ThreadId(13)) [1P:native-messaging/op-nm-installer/src/nix_utils.rs:66] Created NMH manifest at /home/nulven/.config/google-chrome-beta/NativeMessagingHosts/com.1password.1password.json
INFO  2021-11-19T16:00:50.849 op_executor:invocation_loop(ThreadId(13)) [1P:native-messaging/op-nm-installer/src/nix_utils.rs:66] Created NMH manifest at /home/nulven/.config/google-chrome-unstable/NativeMessagingHosts/com.1password.1password.json
INFO  2021-11-19T16:00:50.849 op_executor:invocation_loop(ThreadId(13)) [1P:native-messaging/op-nm-installer/src/nix_utils.rs:66] Created NMH manifest at /home/nulven/.config/chromium/NativeMessagingHosts/com.1password.1password.json
INFO  2021-11-19T16:00:50.849 op_executor:invocation_loop(ThreadId(13)) [1P:native-messaging/op-nm-installer/src/nix_utils.rs:66] Created NMH manifest at /home/nulven/.config/microsoft-edge-dev/NativeMessagingHosts/com.1password.1password.json
INFO  2021-11-19T16:00:50.850 op_executor:invocation_loop(ThreadId(13)) [1P:native-messaging/op-nm-installer/src/nix_utils.rs:66] Created NMH manifest at /home/nulven/.config/BraveSoftware/Brave-Browser/NativeMessagingHosts/com.1password.1password.json
INFO  2021-11-19T16:00:50.850 op_executor:invocation_loop(ThreadId(13)) [1P:native-messaging/op-nm-installer/src/nix_utils.rs:66] Created NMH manifest at /home/nulven/.config/vivaldi/NativeMessagingHosts/com.1password.1password.json
INFO  2021-11-19T16:00:50.850 op_executor:invocation_loop(ThreadId(13)) [1P:native-messaging/op-nm-installer/src/nix_utils.rs:66] Created NMH manifest at /home/nulven/.config/vivaldi-snapshot/NativeMessagingHosts/com.1password.1password.json
INFO  2021-11-19T16:00:50.850 op_executor:invocation_loop(ThreadId(13)) [1P:native-messaging/op-nm-installer/src/nix_utils.rs:66] Created NMH manifest at /home/nulven/.mozilla/native-messaging-hosts/com.1password.1password.json
INFO  2021-11-19T16:00:50.850 op_executor:invocation_loop(ThreadId(13)) [1P:native-messaging/op-nm-installer/src/nix_utils.rs:81] Successfully installed all native messaging manifests.
INFO  2021-11-19T16:01:00.208 tokio-runtime-worker(ThreadId(3)) [1P:op-data-layer/src/load.rs:131] loaded 142 items in 3 vaults for account: 46QJZVO2JVGONMTVGV2CN5W7FE
INFO  2021-11-19T16:01:00.218 op_executor:invocation_loop(ThreadId(13)) [1P:op-app/src/app/backend/unlock.rs:88] Lock state changed: Unlocked
INFO  2021-11-19T16:01:00.233 op_executor:invocation_loop(ThreadId(13)) [1P:op-app/src/app/backend/frontend.rs:26] Front end event: window closed
INFO  2021-11-19T16:01:01.030 tokio-runtime-worker(ThreadId(7)) [1P:op-syncer/src/sync_job.rs:271] synced account 46QJZVO2JVGONMTVGV2CN5W7FE (0.095250366s)
INFO  2021-11-19T16:01:01.031 tokio-runtime-worker(ThreadId(7)) [1P:op-data-layer/src/file.rs:495] find_and_complete_pending_uploads: '46QJZVO2JVGONMTVGV2CN5W7FE'
INFO  2021-11-19T16:01:01.088 tokio-runtime-worker(ThreadId(3)) [1P:op-data-layer/src/sync.rs:484] The B5 Notifier for (46QJZVO2JVGONMTVGV2CN5W7FE) has connected, now monitoring for events.
WARN  2021-11-19T18:00:59.121 tokio-runtime-worker(ThreadId(3)) [1P:op-data-layer/src/sync.rs:475] The B5 Notifier for (46QJZVO2JVGONMTVGV2CN5W7FE) has disconnected.
ERROR 2021-11-19T18:01:09.128 tokio-runtime-worker(ThreadId(3)) [1P:/builds/dev/core/core/op-notification-listener/src/lib.rs:247] ConnectionError(Io(Custom { kind: Other, error: "failed to lookup address information: Name or service not known" }))
ERROR 2021-11-19T18:01:23.139 tokio-runtime-worker(ThreadId(3)) [1P:/builds/dev/core/core/op-notification-listener/src/lib.rs:247] ConnectionError(Io(Custom { kind: Other, error: "failed to lookup address information: Name or service not known" }))
INFO  2021-11-19T18:01:39.337 tokio-runtime-worker(ThreadId(3)) [1P:op-data-layer/src/sync.rs:484] The B5 Notifier for (46QJZVO2JVGONMTVGV2CN5W7FE) has connected, now monitoring for events.
WARN  2021-11-19T18:04:33.929 tokio-runtime-worker(ThreadId(9)) [1P:op-data-layer/src/sync.rs:475] The B5 Notifier for (46QJZVO2JVGONMTVGV2CN5W7FE) has disconnected.
INFO  2021-11-19T18:04:34.104 tokio-runtime-worker(ThreadId(3)) [1P:op-data-layer/src/sync.rs:484] The B5 Notifier for (46QJZVO2JVGONMTVGV2CN5W7FE) has connected, now monitoring for events.
WARN  2021-11-19T18:06:38.107 tokio-runtime-worker(ThreadId(9)) [1P:op-data-layer/src/sync.rs:475] The B5 Notifier for (46QJZVO2JVGONMTVGV2CN5W7FE) has disconnected.
INFO  2021-11-19T18:06:43.198 tokio-runtime-worker(ThreadId(9)) [1P:op-data-layer/src/sync.rs:484] The B5 Notifier for (46QJZVO2JVGONMTVGV2CN5W7FE) has connected, now monitoring for events.
INFO  2021-11-19T18:41:00.066 op_executor:invocation_loop(ThreadId(13)) [1P:op-app/src/app/backend/lock.rs:66] Lock state changed: Locked
INFO  2021-11-19T18:41:00.066 op_executor:invocation_loop(ThreadId(13)) [1P:op-app/src/app/backend/lock.rs:86] Locked. Reason: Automatic(DeviceLocked).
INFO  2021-11-19T18:41:00.360 ThreadId(18) [1P:op-auto-lock/src/linux.rs:382] X screensaver event detected
