INFO  2021-11-22T18:31:00.407 ThreadId(1) [1P:foundation/op-log/src/lib.rs:598] Removed 3 old log files
INFO  2021-11-22T18:31:00.415 ThreadId(1) [client:typescript] Client starting.
INFO  2021-11-22T18:31:00.679 ThreadId(1) [1P:op-localization/src/lib.rs:175] system locale detected as 'en_US'
INFO  2021-11-22T18:31:00.680 ThreadId(1) [1P:op-localization/src/lib.rs:201] selected translations for EN_US based on detected locale en-US
INFO  2021-11-22T18:31:00.680 tokio-runtime-worker(ThreadId(5)) [1P:native-messaging/op-native-core-integration/src/lib.rs:238] Starting IPC listener on 1Password-BrowserSupport
INFO  2021-11-22T18:31:00.680 ThreadId(1) [status:op-app/src/app.rs:287] App::new(1Password for Linux/80300006 (EN_US), /home/nulven/.config/1Password/1password.sqlite)
INFO  2021-11-22T18:31:00.681 tokio-runtime-worker(ThreadId(2)) [1P:native-messaging/op-native-core-integration/src/lib.rs:253] Active native core integration is awaiting messages
INFO  2021-11-22T18:31:00.686 ThreadId(1) [1P:op-db/src/db.rs:94] Starting DB at version: 22
INFO  2021-11-22T18:31:00.693 ThreadId(1) [1P:foundation/op-quick-access/src/linux.rs:63] failed to connect to swaywm
INFO  2021-11-22T18:31:00.697 op_executor:invocation_loop(ThreadId(13)) [1P:native-messaging/op-nm-installer/src/nix_utils.rs:66] Created NMH manifest at /home/nulven/.config/google-chrome/NativeMessagingHosts/com.1password.1password.json
INFO  2021-11-22T18:31:00.698 op_executor:invocation_loop(ThreadId(13)) [1P:native-messaging/op-nm-installer/src/nix_utils.rs:66] Created NMH manifest at /home/nulven/.config/google-chrome-beta/NativeMessagingHosts/com.1password.1password.json
INFO  2021-11-22T18:31:00.698 op_executor:invocation_loop(ThreadId(13)) [1P:native-messaging/op-nm-installer/src/nix_utils.rs:66] Created NMH manifest at /home/nulven/.config/google-chrome-unstable/NativeMessagingHosts/com.1password.1password.json
INFO  2021-11-22T18:31:00.698 op_executor:invocation_loop(ThreadId(13)) [1P:native-messaging/op-nm-installer/src/nix_utils.rs:66] Created NMH manifest at /home/nulven/.config/chromium/NativeMessagingHosts/com.1password.1password.json
INFO  2021-11-22T18:31:00.698 op_executor:invocation_loop(ThreadId(13)) [1P:native-messaging/op-nm-installer/src/nix_utils.rs:66] Created NMH manifest at /home/nulven/.config/microsoft-edge-dev/NativeMessagingHosts/com.1password.1password.json
INFO  2021-11-22T18:31:00.698 op_executor:invocation_loop(ThreadId(13)) [1P:native-messaging/op-nm-installer/src/nix_utils.rs:66] Created NMH manifest at /home/nulven/.config/BraveSoftware/Brave-Browser/NativeMessagingHosts/com.1password.1password.json
INFO  2021-11-22T18:31:00.699 op_executor:invocation_loop(ThreadId(13)) [1P:native-messaging/op-nm-installer/src/nix_utils.rs:66] Created NMH manifest at /home/nulven/.config/vivaldi/NativeMessagingHosts/com.1password.1password.json
INFO  2021-11-22T18:31:00.699 op_executor:invocation_loop(ThreadId(13)) [1P:native-messaging/op-nm-installer/src/nix_utils.rs:66] Created NMH manifest at /home/nulven/.config/vivaldi-snapshot/NativeMessagingHosts/com.1password.1password.json
INFO  2021-11-22T18:31:00.699 op_executor:invocation_loop(ThreadId(13)) [1P:native-messaging/op-nm-installer/src/nix_utils.rs:66] Created NMH manifest at /home/nulven/.mozilla/native-messaging-hosts/com.1password.1password.json
INFO  2021-11-22T18:31:00.699 op_executor:invocation_loop(ThreadId(13)) [1P:native-messaging/op-nm-installer/src/nix_utils.rs:81] Successfully installed all native messaging manifests.
INFO  2021-11-22T18:31:16.318 tokio-runtime-worker(ThreadId(9)) [1P:op-data-layer/src/load.rs:131] loaded 142 items in 3 vaults for account: 46QJZVO2JVGONMTVGV2CN5W7FE
INFO  2021-11-22T18:31:16.324 op_executor:invocation_loop(ThreadId(13)) [1P:op-app/src/app/backend/unlock.rs:88] Lock state changed: Unlocked
INFO  2021-11-22T18:31:17.059 tokio-runtime-worker(ThreadId(5)) [1P:op-syncer/src/sync_job.rs:271] synced account 46QJZVO2JVGONMTVGV2CN5W7FE (0.065902155s)
INFO  2021-11-22T18:31:17.060 tokio-runtime-worker(ThreadId(5)) [1P:op-data-layer/src/file.rs:495] find_and_complete_pending_uploads: '46QJZVO2JVGONMTVGV2CN5W7FE'
INFO  2021-11-22T18:31:17.109 tokio-runtime-worker(ThreadId(7)) [1P:op-data-layer/src/sync.rs:484] The B5 Notifier for (46QJZVO2JVGONMTVGV2CN5W7FE) has connected, now monitoring for events.
INFO  2021-11-22T19:22:40.588 op_executor:invocation_loop(ThreadId(13)) [1P:op-app/src/app/backend/lock.rs:66] Lock state changed: Locked
INFO  2021-11-22T19:22:40.588 op_executor:invocation_loop(ThreadId(13)) [1P:op-app/src/app/backend/lock.rs:86] Locked. Reason: Automatic(DeviceLocked).
ERROR 2021-11-22T19:22:40.598 op_executor:invocation_loop(ThreadId(13)) [1P:/builds/dev/core/core/op-ui/src/item_action/mod.rs:52] ItemWithIdNotFound(ItemId(146))
INFO  2021-11-22T19:22:40.788 ThreadId(17) [1P:op-auto-lock/src/linux.rs:382] X screensaver event detected
