INFO  2021-11-18T10:14:35.637 ThreadId(1) [1P:foundation/op-log/src/lib.rs:598] Removed 5 old log files
INFO  2021-11-18T10:14:35.648 ThreadId(1) [client:typescript] Client starting.
INFO  2021-11-18T10:14:35.909 ThreadId(1) [1P:op-localization/src/lib.rs:175] system locale detected as 'en_US'
INFO  2021-11-18T10:14:35.909 ThreadId(1) [1P:op-localization/src/lib.rs:201] selected translations for EN_US based on detected locale en-US
INFO  2021-11-18T10:14:35.909 tokio-runtime-worker(ThreadId(8)) [1P:native-messaging/op-native-core-integration/src/lib.rs:238] Starting IPC listener on 1Password-BrowserSupport
INFO  2021-11-18T10:14:35.909 ThreadId(1) [status:op-app/src/app.rs:287] App::new(1Password for Linux/80300006 (EN_US), /home/nulven/.config/1Password/1password.sqlite)
INFO  2021-11-18T10:14:35.910 tokio-runtime-worker(ThreadId(7)) [1P:native-messaging/op-native-core-integration/src/lib.rs:253] Active native core integration is awaiting messages
INFO  2021-11-18T10:14:35.918 ThreadId(1) [1P:op-db/src/db.rs:94] Starting DB at version: 22
INFO  2021-11-18T10:14:35.925 ThreadId(1) [1P:foundation/op-quick-access/src/linux.rs:63] failed to connect to swaywm
INFO  2021-11-18T10:14:35.925 tokio-runtime-worker(ThreadId(3)) [1P:native-messaging/op-native-core-integration/src/lib.rs:265] Extension connecting.
INFO  2021-11-18T10:14:35.925 tokio-runtime-worker(ThreadId(3)) [1P:native-messaging/op-native-core-integration/src/lib.rs:267] Extension connection accepted.
INFO  2021-11-18T10:14:35.930 op_executor:invocation_loop(ThreadId(13)) [1P:native-messaging/op-nm-installer/src/nix_utils.rs:66] Created NMH manifest at /home/nulven/.config/google-chrome/NativeMessagingHosts/com.1password.1password.json
INFO  2021-11-18T10:14:35.931 op_executor:invocation_loop(ThreadId(13)) [1P:native-messaging/op-nm-installer/src/nix_utils.rs:66] Created NMH manifest at /home/nulven/.config/google-chrome-beta/NativeMessagingHosts/com.1password.1password.json
INFO  2021-11-18T10:14:35.931 op_executor:invocation_loop(ThreadId(13)) [1P:native-messaging/op-nm-installer/src/nix_utils.rs:66] Created NMH manifest at /home/nulven/.config/google-chrome-unstable/NativeMessagingHosts/com.1password.1password.json
INFO  2021-11-18T10:14:35.931 op_executor:invocation_loop(ThreadId(13)) [1P:native-messaging/op-nm-installer/src/nix_utils.rs:66] Created NMH manifest at /home/nulven/.config/chromium/NativeMessagingHosts/com.1password.1password.json
INFO  2021-11-18T10:14:35.932 op_executor:invocation_loop(ThreadId(13)) [1P:native-messaging/op-nm-installer/src/nix_utils.rs:66] Created NMH manifest at /home/nulven/.config/microsoft-edge-dev/NativeMessagingHosts/com.1password.1password.json
INFO  2021-11-18T10:14:35.932 op_executor:invocation_loop(ThreadId(13)) [1P:native-messaging/op-nm-installer/src/nix_utils.rs:66] Created NMH manifest at /home/nulven/.config/BraveSoftware/Brave-Browser/NativeMessagingHosts/com.1password.1password.json
INFO  2021-11-18T10:14:35.932 op_executor:invocation_loop(ThreadId(13)) [1P:native-messaging/op-nm-installer/src/nix_utils.rs:66] Created NMH manifest at /home/nulven/.config/vivaldi/NativeMessagingHosts/com.1password.1password.json
INFO  2021-11-18T10:14:35.933 op_executor:invocation_loop(ThreadId(13)) [1P:native-messaging/op-nm-installer/src/nix_utils.rs:66] Created NMH manifest at /home/nulven/.config/vivaldi-snapshot/NativeMessagingHosts/com.1password.1password.json
INFO  2021-11-18T10:14:35.933 op_executor:invocation_loop(ThreadId(13)) [1P:native-messaging/op-nm-installer/src/nix_utils.rs:66] Created NMH manifest at /home/nulven/.mozilla/native-messaging-hosts/com.1password.1password.json
INFO  2021-11-18T10:14:35.933 op_executor:invocation_loop(ThreadId(13)) [1P:native-messaging/op-nm-installer/src/nix_utils.rs:81] Successfully installed all native messaging manifests.
INFO  2021-11-18T10:15:04.113 tokio-runtime-worker(ThreadId(7)) [1P:op-data-layer/src/load.rs:131] loaded 139 items in 3 vaults for account: 46QJZVO2JVGONMTVGV2CN5W7FE
INFO  2021-11-18T10:15:04.119 op_executor:invocation_loop(ThreadId(13)) [1P:op-app/src/app/backend/unlock.rs:88] Lock state changed: Unlocked
INFO  2021-11-18T10:15:04.123 op_executor:invocation_loop(ThreadId(13)) [1P:op-app/src/app/backend/frontend.rs:26] Front end event: window closed
INFO  2021-11-18T10:15:04.917 tokio-runtime-worker(ThreadId(2)) [1P:op-syncer/src/sync_job.rs:271] synced account 46QJZVO2JVGONMTVGV2CN5W7FE (0.086946604s)
INFO  2021-11-18T10:15:04.917 tokio-runtime-worker(ThreadId(2)) [1P:op-data-layer/src/file.rs:495] find_and_complete_pending_uploads: '46QJZVO2JVGONMTVGV2CN5W7FE'
INFO  2021-11-18T10:15:05.031 tokio-runtime-worker(ThreadId(5)) [1P:op-data-layer/src/sync.rs:484] The B5 Notifier for (46QJZVO2JVGONMTVGV2CN5W7FE) has connected, now monitoring for events.
INFO  2021-11-18T10:15:30.550 tokio-runtime-worker(ThreadId(2)) [1P:op-syncer/src/sync_job.rs:271] synced account 46QJZVO2JVGONMTVGV2CN5W7FE (0.195001267s)
INFO  2021-11-18T10:15:42.840 tokio-runtime-worker(ThreadId(2)) [1P:op-syncer/src/sync_job.rs:271] synced account 46QJZVO2JVGONMTVGV2CN5W7FE (0.152679592s)
INFO  2021-11-18T10:15:45.104 tokio-runtime-worker(ThreadId(5)) [1P:op-syncer/src/sync_job.rs:271] synced account 46QJZVO2JVGONMTVGV2CN5W7FE (0.151600095s)
WARN  2021-11-18T12:18:29.918 tokio-runtime-worker(ThreadId(5)) [1P:op-data-layer/src/sync.rs:475] The B5 Notifier for (46QJZVO2JVGONMTVGV2CN5W7FE) has disconnected.
INFO  2021-11-18T12:18:30.080 tokio-runtime-worker(ThreadId(5)) [1P:op-data-layer/src/sync.rs:484] The B5 Notifier for (46QJZVO2JVGONMTVGV2CN5W7FE) has connected, now monitoring for events.
WARN  2021-11-18T14:32:42.144 tokio-runtime-worker(ThreadId(5)) [1P:op-data-layer/src/sync.rs:475] The B5 Notifier for (46QJZVO2JVGONMTVGV2CN5W7FE) has disconnected.
INFO  2021-11-18T14:32:42.460 tokio-runtime-worker(ThreadId(5)) [1P:op-data-layer/src/sync.rs:484] The B5 Notifier for (46QJZVO2JVGONMTVGV2CN5W7FE) has connected, now monitoring for events.
WARN  2021-11-18T17:27:35.892 tokio-runtime-worker(ThreadId(5)) [1P:op-data-layer/src/sync.rs:475] The B5 Notifier for (46QJZVO2JVGONMTVGV2CN5W7FE) has disconnected.
ERROR 2021-11-18T17:27:45.899 tokio-runtime-worker(ThreadId(3)) [1P:/builds/dev/core/core/op-notification-listener/src/lib.rs:247] ConnectionError(Io(Custom { kind: Other, error: "failed to lookup address information: Name or service not known" }))
ERROR 2021-11-18T17:27:59.907 tokio-runtime-worker(ThreadId(3)) [1P:/builds/dev/core/core/op-notification-listener/src/lib.rs:247] ConnectionError(Io(Custom { kind: Other, error: "failed to lookup address information: Name or service not known" }))
INFO  2021-11-18T17:28:16.885 tokio-runtime-worker(ThreadId(3)) [1P:op-data-layer/src/sync.rs:484] The B5 Notifier for (46QJZVO2JVGONMTVGV2CN5W7FE) has connected, now monitoring for events.
INFO  2021-11-18T19:47:21.788 op_executor:invocation_loop(ThreadId(13)) [1P:op-app/src/app/backend/lock.rs:66] Lock state changed: Locked
INFO  2021-11-18T19:47:21.789 op_executor:invocation_loop(ThreadId(13)) [1P:op-app/src/app/backend/lock.rs:86] Locked. Reason: Automatic(DeviceLocked).
INFO  2021-11-18T19:47:22.142 ThreadId(26) [1P:op-auto-lock/src/linux.rs:382] X screensaver event detected
INFO  2021-11-18T21:02:00.043 ThreadId(26) [1P:op-auto-lock/src/linux.rs:382] X screensaver event detected
INFO  2021-11-18T21:03:09.110 tokio-runtime-worker(ThreadId(2)) [1P:op-data-layer/src/load.rs:131] loaded 142 items in 3 vaults for account: 46QJZVO2JVGONMTVGV2CN5W7FE
INFO  2021-11-18T21:03:09.113 op_executor:invocation_loop(ThreadId(13)) [1P:op-app/src/app/backend/unlock.rs:88] Lock state changed: Unlocked
INFO  2021-11-18T21:03:09.122 op_executor:invocation_loop(ThreadId(13)) [1P:op-app/src/app/backend/frontend.rs:26] Front end event: window closed
INFO  2021-11-18T21:03:09.704 tokio-runtime-worker(ThreadId(5)) [1P:op-syncer/src/sync_job.rs:271] synced account 46QJZVO2JVGONMTVGV2CN5W7FE (0.039507716s)
INFO  2021-11-18T21:03:09.704 tokio-runtime-worker(ThreadId(5)) [1P:op-data-layer/src/file.rs:495] find_and_complete_pending_uploads: '46QJZVO2JVGONMTVGV2CN5W7FE'
INFO  2021-11-18T21:03:09.735 tokio-runtime-worker(ThreadId(3)) [1P:op-data-layer/src/sync.rs:484] The B5 Notifier for (46QJZVO2JVGONMTVGV2CN5W7FE) has connected, now monitoring for events.
INFO  2021-11-18T21:07:48.329 op_executor:invocation_loop(ThreadId(13)) [1P:op-app/src/app/backend/lock.rs:66] Lock state changed: Locked
INFO  2021-11-18T21:07:48.329 op_executor:invocation_loop(ThreadId(13)) [1P:op-app/src/app/backend/lock.rs:86] Locked. Reason: Automatic(DeviceLocked).
INFO  2021-11-18T21:07:48.762 ThreadId(26) [1P:op-auto-lock/src/linux.rs:382] X screensaver event detected
