INFO  2021-11-17T08:29:54.981 tokio-runtime-worker(ThreadId(9)) [1P:op-data-layer/src/load.rs:131] loaded 139 items in 3 vaults for account: 46QJZVO2JVGONMTVGV2CN5W7FE
INFO  2021-11-17T08:29:54.987 op_executor:invocation_loop(ThreadId(13)) [1P:op-app/src/app/backend/unlock.rs:88] Lock state changed: Unlocked
INFO  2021-11-17T08:29:54.991 op_executor:invocation_loop(ThreadId(13)) [1P:op-app/src/app/backend/frontend.rs:26] Front end event: window closed
INFO  2021-11-17T08:29:55.912 tokio-runtime-worker(ThreadId(8)) [1P:op-syncer/src/sync_job.rs:271] synced account 46QJZVO2JVGONMTVGV2CN5W7FE (0.081056941s)
INFO  2021-11-17T08:29:55.913 tokio-runtime-worker(ThreadId(8)) [1P:op-data-layer/src/file.rs:495] find_and_complete_pending_uploads: '46QJZVO2JVGONMTVGV2CN5W7FE'
INFO  2021-11-17T08:29:56.012 tokio-runtime-worker(ThreadId(8)) [1P:op-data-layer/src/sync.rs:484] The B5 Notifier for (46QJZVO2JVGONMTVGV2CN5W7FE) has connected, now monitoring for events.
INFO  2021-11-17T13:53:28.561 op_executor:invocation_loop(ThreadId(13)) [1P:op-app/src/app/backend/lock.rs:66] Lock state changed: Locked
INFO  2021-11-17T13:53:28.569 op_executor:invocation_loop(ThreadId(13)) [1P:op-app/src/app/backend/lock.rs:86] Locked. Reason: Automatic(DeviceLocked).
INFO  2021-11-17T13:53:29.108 ThreadId(26) [1P:op-auto-lock/src/linux.rs:382] X screensaver event detected
INFO  2021-11-17T14:35:09.100 ThreadId(26) [1P:op-auto-lock/src/linux.rs:382] X screensaver event detected
INFO  2021-11-17T14:57:49.727 ThreadId(26) [1P:op-auto-lock/src/linux.rs:382] X screensaver event detected
INFO  2021-11-17T14:58:14.943 ThreadId(26) [1P:op-auto-lock/src/linux.rs:382] X screensaver event detected
WARN  2021-11-17T16:10:09.217 tokio-runtime-worker(ThreadId(8)) [1P:op-app/src/app/backend/lock_screen.rs:138] the password entered may be incorrect
ERROR 2021-11-17T16:10:09.217 tokio-runtime-worker(ThreadId(8)) [1P:op-app/src/app/backend/lock_screen.rs:139] UnableToUnlockAccount([AccountUnlockResult { account_id: 1, status: Locked, error: Some(FailedToDecryptKeyset(DecryptingSymmetricKey(GcmFailedToDecrypt))) }])
INFO  2021-11-17T16:10:14.962 tokio-runtime-worker(ThreadId(8)) [1P:op-data-layer/src/load.rs:131] loaded 139 items in 3 vaults for account: 46QJZVO2JVGONMTVGV2CN5W7FE
INFO  2021-11-17T16:10:14.966 op_executor:invocation_loop(ThreadId(13)) [1P:op-app/src/app/backend/unlock.rs:88] Lock state changed: Unlocked
INFO  2021-11-17T16:10:14.970 op_executor:invocation_loop(ThreadId(13)) [1P:op-app/src/app/backend/frontend.rs:26] Front end event: window closed
INFO  2021-11-17T16:10:15.628 tokio-runtime-worker(ThreadId(9)) [1P:op-syncer/src/sync_job.rs:271] synced account 46QJZVO2JVGONMTVGV2CN5W7FE (0.06531168s)
INFO  2021-11-17T16:10:15.629 tokio-runtime-worker(ThreadId(5)) [1P:op-data-layer/src/file.rs:495] find_and_complete_pending_uploads: '46QJZVO2JVGONMTVGV2CN5W7FE'
INFO  2021-11-17T16:10:15.651 tokio-runtime-worker(ThreadId(9)) [1P:op-data-layer/src/sync.rs:484] The B5 Notifier for (46QJZVO2JVGONMTVGV2CN5W7FE) has connected, now monitoring for events.
