Handbrake Version: 1.3.1 (2020032300)
[18:32:42] gtkgui: Preset: /General/Fast 1080p30
[18:32:42] Starting work at: Fri Jan 29 18:32:42 2021

[18:32:42] 1 job(s) to process
[18:32:42] json job:
{
    "Audio": {
        "AudioList": [],
        "CopyMask": [],
        "FallbackEncoder": 0
    },
    "Destination": {
        "AlignAVStart": true,
        "ChapterList": [
            {
                "Duration": {
                    "Hours": 0,
                    "Minutes": 0,
                    "Seconds": 58,
                    "Ticks": 5304060
                },
                "Name": ""
            }
        ],
        "ChapterMarkers": false,
        "File": "/home/nulven/ethwinter.m4v",
        "InlineParameterSets": false,
        "Mp4Options": {
            "IpodAtom": false,
            "Mp4Optimize": false
        },
        "Mux": "m4v"
    },
    "Filters": {
        "FilterList": [
            {
                "ID": 3,
                "Settings": {
                    "block-height": "16",
                    "block-thresh": "40",
                    "block-width": "16",
                    "filter-mode": "2",
                    "mode": "3",
                    "motion-thresh": "1",
                    "spatial-metric": "2",
                    "spatial-thresh": "1"
                }
            },
            {
                "ID": 4,
                "Settings": {
                    "mode": "7"
                }
            },
            {
                "ID": 6,
                "Settings": {
                    "mode": 2,
                    "rate": "27000000/900000"
                }
            },
            {
                "ID": 12,
                "Settings": {
                    "crop-bottom": 0,
                    "crop-left": 0,
                    "crop-right": 0,
                    "crop-top": 0,
                    "height": 914,
                    "width": 1824
                }
            }
        ]
    },
    "Metadata": {
        "Name": "ethwinter-2021-01-29_18.17.17"
    },
    "PAR": {
        "Den": 1,
        "Num": 1
    },
    "SequenceID": 0,
    "Source": {
        "Angle": 0,
        "Path": "/home/nulven/Documents/ethwinter-2021-01-29_18.17.17.mp4",
        "Range": {
            "End": 4950000,
            "Start": 270000,
            "Type": "time"
        },
        "Title": 1
    },
    "Subtitle": {
        "Search": {
            "Burn": true,
            "Default": false,
            "Enable": false,
            "Forced": false
        },
        "SubtitleList": []
    },
    "Video": {
        "ColorFormat": 0,
        "ColorMatrix": 1,
        "ColorPrimaries": 1,
        "ColorRange": 1,
        "ColorTransfer": 1,
        "Encoder": "x264",
        "Level": "4.0",
        "Options": "",
        "Preset": "fast",
        "Profile": "main",
        "QSV": {
            "AsyncDepth": 4,
            "Decode": false
        },
        "Quality": 22.0,
        "Tune": "",
        "Turbo": false,
        "TwoPass": false
    }
}
[18:32:42] CPU: Intel(R) Core(TM) i7-8550U CPU @ 1.80GHz
[18:32:42]  - Intel microarchitecture Kaby Lake
[18:32:42]  - logical processor count: 8
[18:32:42] hb_scan: path=/home/nulven/Documents/ethwinter-2021-01-29_18.17.17.mp4, title_index=1
udfread ERROR: ECMA 167 Volume Recognition failed
disc.c:323: failed opening UDF image /home/nulven/Documents/ethwinter-2021-01-29_18.17.17.mp4
disc.c:424: error opening file BDMV/index.bdmv
disc.c:424: error opening file BDMV/BACKUP/index.bdmv
bluray.c:2585: nav_get_title_list(/home/nulven/Documents/ethwinter-2021-01-29_18.17.17.mp4/) failed
[18:32:42] bd: not a bd - trying as a stream/file instead
libdvdnav: Using dvdnav version 6.0.1
libdvdread: Encrypted DVD support unavailable.
************************************************
**                                            **
**  No css library available. See             **
**  /usr/share/doc/libdvdread4/README.css     **
**  for more information.                     **
**                                            **
************************************************
libdvdread:DVDOpenFileUDF:UDFFindFile /VIDEO_TS/VIDEO_TS.IFO failed
libdvdread:DVDOpenFileUDF:UDFFindFile /VIDEO_TS/VIDEO_TS.BUP failed
libdvdread: Can't open file VIDEO_TS.IFO.
libdvdnav: vm: failed to read VIDEO_TS.IFO
[18:32:42] dvd: not a dvd - trying as a stream/file instead
Input #0, mov,mp4,m4a,3gp,3g2,mj2, from '/home/nulven/Documents/ethwinter-2021-01-29_18.17.17.mp4':
  Metadata:
    major_brand     : isom
    minor_version   : 512
    compatible_brands: isomiso2avc1mp41
    encoder         : Lavf58.29.100
  Duration: 00:00:58.93, start: 0.000000, bitrate: 101 kb/s
    Stream #0:0(und): Video: h264 (High) (avc1 / 0x31637661), yuv420p(tv, bt709), 1824x914 [SAR 1:1 DAR 912:457], 98 kb/s, 30.02 fps, 30 tbr, 15360 tbn, 60 tbc (default)
    Metadata:
      handler_name    : VideoHandler
[18:32:42] scan: decoding previews for title 1
[18:32:42] scan: 10 previews, 1824x914, 30.017 fps, autocrop = 0/0/0/0, aspect 2.00:1, PAR 1:1
[18:32:42] libhb: scan thread found 1 valid title(s)
[18:32:42] Starting Task: Encoding Pass
[18:32:42] Skipping crop/scale filter
[18:32:42] job configuration:
[18:32:42]  * source
[18:32:42]    + /home/nulven/Documents/ethwinter-2021-01-29_18.17.17.mp4
[18:32:42]    + title 1, start 00:00:3.00 stop 00:00:55.00
[18:32:42]    + container: mov,mp4,m4a,3gp,3g2,mj2
[18:32:42]    + data rate: 101 kbps
[18:32:42]  * destination
[18:32:42]    + /home/nulven/ethwinter.m4v
[18:32:42]    + container: MPEG-4 (libavformat)
[18:32:42]      + align initial A/V stream timestamps
[18:32:42]  * video track
[18:32:42]    + decoder: h264
[18:32:42]      + bitrate 98 kbps
[18:32:42]    + filters
[18:32:42]      + Comb Detect (mode=3:spatial-metric=2:motion-thresh=1:spatial-thresh=1:filter-mode=2:block-thresh=40:block-width=16:block-height=16)
[18:32:42]      + Decomb (mode=39)
[18:32:42]      + Framerate Shaper (mode=2:rate=27000000/900000)
[18:32:42]        + frame rate: 30.017 fps -> peak rate limited to 30.000 fps
[18:32:42]    + Output geometry
[18:32:42]      + storage dimensions: 1824 x 914
[18:32:42]      + pixel aspect ratio: 1 : 1
[18:32:42]      + display dimensions: 1824 x 914
[18:32:42]    + encoder: H.264 (libx264)
[18:32:42]      + preset:  fast
[18:32:42]      + profile: main
[18:32:42]      + level:   4.0
[18:32:42]      + quality: 22.00 (RF)
[18:32:42]      + color profile: 1-1-1
[18:32:42] sync: expecting 1590 video frames
[18:32:42] encx264: min-keyint: 30, keyint: 300
[18:32:42] encx264: encoding at constant RF 22.000000
[18:32:42] encx264: unparsed options: level=4.0:ref=2:8x8dct=0:weightp=1:subme=6:vbv-bufsize=25000:vbv-maxrate=20000:rc-lookahead=30
x264 [info]: using SAR=1/1
x264 [info]: using cpu capabilities: MMX2 SSE2Fast SSSE3 SSE4.2 AVX FMA3 BMI2 AVX2
x264 [info]: profile Main, level 4.0
[18:32:43] sync: first pts video is 0
[18:33:07] sync: reached video pts 4680182, exiting early
[18:33:07] reader: done. 1 scr changes
[18:33:08] work: average encoding speed for job is 63.594234 fps
[18:33:08] comb detect: heavy 0 | light 1 | uncombed 1559 | total 1560
[18:33:08] decomb: deinterlaced 0 | blended 1 | unfiltered 1559 | total 1560
[18:33:08] vfr: 1560 frames output, 0 dropped and 0 duped for CFR/PFR
[18:33:08] vfr: lost time: 0 (0 frames)
[18:33:08] vfr: gained time: 0 (0 frames) (0 not accounted for)
[18:33:08] h264-decoder done: 1769 frames, 0 decoder errors
[18:33:08] sync: got 1560 frames, 1590 expected
[18:33:08] sync: framerate min 30.000 fps, max 30.017 fps, avg 30.005 fps
x264 [info]: frame I:6     Avg QP: 7.08  size:  6377
x264 [info]: frame P:402   Avg QP:16.17  size:   401
x264 [info]: frame B:1152  Avg QP:18.09  size:    84
x264 [info]: consecutive B-frames:  0.9%  1.0%  2.7% 95.4%
x264 [info]: mb I  I16..4: 98.5%  0.0%  1.5%
x264 [info]: mb P  I16..4:  0.5%  0.0%  0.1%  P16..4:  0.1%  0.0%  0.0%  0.0%  0.0%    skip:99.3%
x264 [info]: mb B  I16..4:  0.0%  0.0%  0.0%  B16..8:  0.2%  0.0%  0.0%  direct: 0.0%  skip:99.8%  L0:49.7% L1:49.7% BI: 0.6%
x264 [info]: coded y,uvDC,uvAC intra: 2.6% 3.2% 2.9% inter: 0.0% 0.0% 0.0%
x264 [info]: i16 v,h,dc,p: 82% 17%  1%  0%
x264 [info]: i4 v,h,dc,ddl,ddr,vr,hd,vl,hu: 21% 27% 31%  3%  4%  4%  4%  3%  4%
x264 [info]: i8c dc,h,v,p: 95%  3%  1%  0%
x264 [info]: Weighted P-Frames: Y:0.0% UV:0.0%
x264 [info]: ref P L0: 73.1% 26.9%
x264 [info]: ref B L0: 89.4% 10.6%
x264 [info]: ref B L1: 98.1%  1.9%
x264 [info]: kb/s:45.59
[18:33:08] mux: track 0, 1560 frames, 296110 bytes, 45.53 kbps, fifo 2048
[18:33:08] Finished work at: Fri Jan 29 18:33:08 2021

[18:33:08] libhb: work result = 0
